<?xml version="1.0" encoding="UTF-8"?>
<!DOCTYPE html PUBLIC "-//W3C//DTD XHTML 1.0 Strict//EN" "http://www.w3.org/TR/xhtml1/DTD/xhtml1-strict.dtd">
<html xmlns="http://www.w3.org/1999/xhtml">
<head>
    <title>testcase-logintest</title>
    <meta name="generator" content="HTMLTestRunner 0.8.2"/>
    <meta http-equiv="Content-Type" content="text/html; charset=UTF-8"/>
    
<style type="text/css" media="screen">
body        { font-family: verdana, arial, helvetica, sans-serif; font-size: 80%; }
table       { font-size: 100%; }
pre         { }

/* -- heading ---------------------------------------------------------------------- */
h1 {
	font-size: 16pt;
	color: gray;
}
.heading {
    margin-top: 0ex;
    margin-bottom: 1ex;
}

.heading .attribute {
    margin-top: 1ex;
    margin-bottom: 0;
}

.heading .description {
    margin-top: 4ex;
    margin-bottom: 6ex;
}

/* -- css div popup ------------------------------------------------------------------------ */
a.popup_link {
}

a.popup_link:hover {
    color: red;
}

.popup_window {
    display: none;
    position: relative;
    left: 0px;
    top: 0px;
    /*border: solid #627173 1px; */
    padding: 10px;
    background-color: #E6E6D6;
    font-family: "Lucida Console", "Courier New", Courier, monospace;
    text-align: left;
    font-size: 8pt;
    width: 500px;
}

}
/* -- report ------------------------------------------------------------------------ */
#show_detail_line {
    margin-top: 3ex;
    margin-bottom: 1ex;
}
#result_table {
    width: 80%;
    border-collapse: collapse;
    border: 1px solid #777;
}
#header_row {
    font-weight: bold;
    color: white;
    background-color: #777;
}
#result_table td {
    border: 1px solid #777;
    padding: 2px;
}
#total_row  { font-weight: bold; }
.passClass  { background-color: #6c6; }
.failClass  { background-color: #c60; }
.errorClass { background-color: #c00; }
.passCase   { color: #6c6; }
.failCase   { color: #c60; font-weight: bold; }
.errorCase  { color: #c00; font-weight: bold; }
.hiddenRow  { display: none; }
.testcase   { margin-left: 2em; }


/* -- ending ---------------------------------------------------------------------- */
#ending {
}

</style>

</head>
<body>
<script language="javascript" type="text/javascript"><!--
output_list = Array();

/* level - 0:Summary; 1:Failed; 2:All */
function showCase(level) {
    trs = document.getElementsByTagName("tr");
    for (var i = 0; i < trs.length; i++) {
        tr = trs[i];
        id = tr.id;
        if (id.substr(0,2) == 'ft') {
            if (level < 1) {
                tr.className = 'hiddenRow';
            }
            else {
                tr.className = '';
            }
        }
        if (id.substr(0,2) == 'pt') {
            if (level > 1) {
                tr.className = '';
            }
            else {
                tr.className = 'hiddenRow';
            }
        }
    }
}


function showClassDetail(cid, count) {
    var id_list = Array(count);
    var toHide = 1;
    for (var i = 0; i < count; i++) {
        tid0 = 't' + cid.substr(1) + '.' + (i+1);
        tid = 'f' + tid0;
        tr = document.getElementById(tid);
        if (!tr) {
            tid = 'p' + tid0;
            tr = document.getElementById(tid);
        }
        id_list[i] = tid;
        if (tr.className) {
            toHide = 0;
        }
    }
    for (var i = 0; i < count; i++) {
        tid = id_list[i];
        if (toHide) {
            document.getElementById('div_'+tid).style.display = 'none'
            //document.getElementById(tid).className = 'hiddenRow';
        }
        else {
            document.getElementById(tid).className = '';
        }
    }
}


function showTestDetail(div_id){
    var details_div = document.getElementById(div_id)
    var displayState = details_div.style.display
    // alert(displayState)
    if (displayState != 'block' ) {
        displayState = 'block'
        details_div.style.display = 'block'
    }
    else {
        details_div.style.display = 'none'
    }
}


function html_escape(s) {
    s = s.replace(/&/g,'&amp;');
    s = s.replace(/</g,'&lt;');
    s = s.replace(/>/g,'&gt;');
    return s;
}

/* obsoleted by detail in <div>
function showOutput(id, name) {
    var w = window.open("", //url
                    name,
                    "resizable,scrollbars,status,width=800,height=450");
    d = w.document;
    d.write("<pre>");
    d.write(html_escape(output_list[id]));
    d.write("\n");
    d.write("<a href='javascript:window.close()'>close</a>\n");
    d.write("</pre>\n");
    d.close();
}
*/
--></script>

<div class='heading'>
<h1>testcase-logintest</h1>
<p class='attribute'><strong>开始时间:</strong> 2017-06-14 09:21:01</p>
<p class='attribute'><strong>耗时:</strong> 0:02:40.666000</p>
<p class='attribute'><strong>状态:</strong> 通过 40 失败 45 错误 70 失败率 29.03%</p>

<p class='description'>嘿啪app接口测试</p>
</div>



<!--<p id='show_detail_line'>显示
<a href='javascript:showCase(0)'>概要</a>
<a href='javascript:showCase(1)'>失败</a>
<a href='javascript:showCase(2)'>所有</a>
</p>-->

<table id='result_table'>
<colgroup>
<col align='left' />
<col align='right' />
<col align='right' />
<col align='right' />
<col align='right' />
<col align='right' />
<col align='right' />
</colgroup>
<tr id='header_row'>
    <td>测试组/测试用例</td>
    <!--<td>url</td>
    <td>arguements</td>-->
    <td>总数</td>
    <td>通过</td>
    <td>失败</td>
    <td>错误</td>
    <!--<td>视图</td>-->
</tr>

<tr class='passClass'>
    <td>testcase.loginTest.LoginTest</td>
    <td>5</td>
    <td>5</td>
    <td>0</td>
    <td>0</td>
    <!--<td><a href="javascript:showClassDetail('c1',5)">详情</a></td>-->
</tr>

<tr id='pt1.1'>
    <td class='none'><div class='testcase'>test_forgetpwd</div></td>

    <td colspan='5' align='center'>

    <!--css div popup start-->
    <a class="popup_link" onfocus='this.blur();' href="javascript:showTestDetail('div_pt1.1')" >
        通过</a>

    <div id='div_pt1.1' class="popup_window">
        <div style='text-align: right; color:red;cursor:pointer'>
        <a onfocus='this.blur();' onclick="document.getElementById('div_pt1.1').style.display = 'none' " >
           [x]</a>
        </div>
        <pre>
        
pt1.1: 


        </pre>
    </div>
    <!--css div popup end-->

    </td>
</tr>

<tr id='pt1.2'>
    <td class='none'><div class='testcase'>test_login_ThirdParty_QQ</div></td>

    <td colspan='5' align='center'>

    <!--css div popup start-->
    <a class="popup_link" onfocus='this.blur();' href="javascript:showTestDetail('div_pt1.2')" >
        通过</a>

    <div id='div_pt1.2' class="popup_window">
        <div style='text-align: right; color:red;cursor:pointer'>
        <a onfocus='this.blur();' onclick="document.getElementById('div_pt1.2').style.display = 'none' " >
           [x]</a>
        </div>
        <pre>
        
pt1.2: 


        </pre>
    </div>
    <!--css div popup end-->

    </td>
</tr>

<tr id='pt1.3'>
    <td class='none'><div class='testcase'>test_login_Update_andriod</div></td>

    <td colspan='5' align='center'>

    <!--css div popup start-->
    <a class="popup_link" onfocus='this.blur();' href="javascript:showTestDetail('div_pt1.3')" >
        通过</a>

    <div id='div_pt1.3' class="popup_window">
        <div style='text-align: right; color:red;cursor:pointer'>
        <a onfocus='this.blur();' onclick="document.getElementById('div_pt1.3').style.display = 'none' " >
           [x]</a>
        </div>
        <pre>
        
pt1.3: 


        </pre>
    </div>
    <!--css div popup end-->

    </td>
</tr>

<tr id='pt1.4'>
    <td class='none'><div class='testcase'>test_login_Update_ios</div></td>

    <td colspan='5' align='center'>

    <!--css div popup start-->
    <a class="popup_link" onfocus='this.blur();' href="javascript:showTestDetail('div_pt1.4')" >
        通过</a>

    <div id='div_pt1.4' class="popup_window">
        <div style='text-align: right; color:red;cursor:pointer'>
        <a onfocus='this.blur();' onclick="document.getElementById('div_pt1.4').style.display = 'none' " >
           [x]</a>
        </div>
        <pre>
        
pt1.4: 


        </pre>
    </div>
    <!--css div popup end-->

    </td>
</tr>

<tr id='pt1.5'>
    <td class='none'><div class='testcase'>test_login_success</div></td>

    <td colspan='5' align='center'>

    <!--css div popup start-->
    <a class="popup_link" onfocus='this.blur();' href="javascript:showTestDetail('div_pt1.5')" >
        通过</a>

    <div id='div_pt1.5' class="popup_window">
        <div style='text-align: right; color:red;cursor:pointer'>
        <a onfocus='this.blur();' onclick="document.getElementById('div_pt1.5').style.display = 'none' " >
           [x]</a>
        </div>
        <pre>
        
pt1.5: -----------------------------------running test_login_success----------------------------------------- 
100001775



        </pre>
    </div>
    <!--css div popup end-->

    </td>
</tr>

<tr class='errorClass'>
    <td>testcase.userinfoTest.userinfoTest</td>
    <td>12</td>
    <td>5</td>
    <td>6</td>
    <td>1</td>
    <!--<td><a href="javascript:showClassDetail('c2',12)">详情</a></td>-->
</tr>

<tr id='ft2.1'>
    <td class='failCase'><div class='testcase'>test_BlackList_data_check</div></td>

    <td colspan='5' align='center'>

    <!--css div popup start-->
    <a class="popup_link" onfocus='this.blur();' href="javascript:showTestDetail('div_ft2.1')" >
        失败</a>

    <div id='div_ft2.1' class="popup_window">
        <div style='text-align: right; color:red;cursor:pointer'>
        <a onfocus='this.blur();' onclick="document.getElementById('div_ft2.1').style.display = 'none' " >
           [x]</a>
        </div>
        <pre>
        
ft2.1: url: http://test.rapself.com:8080/api/user/blacklist?page=1

状态码: 400
响应内容: &lt;html&gt;
&lt;head&gt;&lt;title&gt;400 Bad Request&lt;/title&gt;&lt;/head&gt;
&lt;body bgcolor="white"&gt;
&lt;center&gt;&lt;h1&gt;400 Bad Request&lt;/h1&gt;&lt;/center&gt;
&lt;hr&gt;&lt;center&gt;nginx/1.10.1&lt;/center&gt;
&lt;/body&gt;
&lt;/html&gt;


Traceback (most recent call last):
  File "G:\project\interface_upgrade\testcase\userinfoTest.py", line 88, in test_BlackList_data_check
    self.assertEqual(200, response.status_code, 'status code:%s' % response.status_code)
AssertionError: status code:400


        </pre>
    </div>
    <!--css div popup end-->

    </td>
</tr>

<tr id='ft2.2'>
    <td class='failCase'><div class='testcase'>test_Create_Medley_success</div></td>

    <td colspan='5' align='center'>

    <!--css div popup start-->
    <a class="popup_link" onfocus='this.blur();' href="javascript:showTestDetail('div_ft2.2')" >
        失败</a>

    <div id='div_ft2.2' class="popup_window">
        <div style='text-align: right; color:red;cursor:pointer'>
        <a onfocus='this.blur();' onclick="document.getElementById('div_ft2.2').style.display = 'none' " >
           [x]</a>
        </div>
        <pre>
        
ft2.2: url: http://test.rapself.com:8080/api/audio/createMedley

状态码: 400
传递的参数是: {'title': 'interface', 'longitude': 30.56089, 'audios': [{'duration': 3, 'lyric': '', 'key': 'http://user-storage.oss-cn-qingdao.aliyuncs.com/audio/20170503134112_100001775_aa5aad11b8b0060d98a53fefda6fd3ab.m4a'}], 'latitude': 104, 'maxCount': 5, 'images': []}

响应内容: &lt;html&gt;
&lt;head&gt;&lt;title&gt;400 Bad Request&lt;/title&gt;&lt;/head&gt;
&lt;body bgcolor="white"&gt;
&lt;center&gt;&lt;h1&gt;400 Bad Request&lt;/h1&gt;&lt;/center&gt;
&lt;hr&gt;&lt;center&gt;nginx/1.10.1&lt;/center&gt;
&lt;/body&gt;
&lt;/html&gt;


Traceback (most recent call last):
  File "G:\project\interface_upgrade\testcase\userinfoTest.py", line 115, in test_Create_Medley_success
    self.assertEqual(200, response.status_code, 'status code:%s' % response.status_code)
AssertionError: status code:400


        </pre>
    </div>
    <!--css div popup end-->

    </td>
</tr>

<tr id='pt2.3' >
    <td class='none'><div class='testcase'>test_FansList_success</div></td>
    <td colspan='5' align='center'>通过</td>
</tr>

<tr id='ft2.4'>
    <td class='errorCase'><div class='testcase'>test_FollowedSong_success</div></td>

    <td colspan='5' align='center'>

    <!--css div popup start-->
    <a class="popup_link" onfocus='this.blur();' href="javascript:showTestDetail('div_ft2.4')" >
        错误</a>

    <div id='div_ft2.4' class="popup_window">
        <div style='text-align: right; color:red;cursor:pointer'>
        <a onfocus='this.blur();' onclick="document.getElementById('div_ft2.4').style.display = 'none' " >
           [x]</a>
        </div>
        <pre>
        
ft2.4: url: http://test.rapself.com:8080/api/user/followed/song?page=1&amp;size=10

状态码: 400
Traceback (most recent call last):
  File "G:\project\interface_upgrade\testcase\userinfoTest.py", line 35, in test_FollowedSong_success
    print u'传递的参数是: %s\n' % self.data['token']
TypeError: list indices must be integers, not str


        </pre>
    </div>
    <!--css div popup end-->

    </td>
</tr>

<tr id='pt2.5' >
    <td class='none'><div class='testcase'>test_Medley_Participant_success</div></td>
    <td colspan='5' align='center'>通过</td>
</tr>

<tr id='ft2.6'>
    <td class='failCase'><div class='testcase'>test_ModifyInfo</div></td>

    <td colspan='5' align='center'>

    <!--css div popup start-->
    <a class="popup_link" onfocus='this.blur();' href="javascript:showTestDetail('div_ft2.6')" >
        失败</a>

    <div id='div_ft2.6' class="popup_window">
        <div style='text-align: right; color:red;cursor:pointer'>
        <a onfocus='this.blur();' onclick="document.getElementById('div_ft2.6').style.display = 'none' " >
           [x]</a>
        </div>
        <pre>
        
ft2.6: 
url: http://test.rapself.com:8080/api/modifyUserInfo

状态码: 400
传递的参数是: {'userName': 'sleepydog', 'hasFocus': '', 'birthday': '2015-06-06', 'phoneNumber': '18782943855', 'area': u'\u56db\u5ddd \u6210\u90fd', 'emotionStatus': 1, 'portrait': '', 'personalProfile': 'per', 'id': 100001775, 'sex': 1}

响应内容: &lt;html&gt;
&lt;head&gt;&lt;title&gt;400 Bad Request&lt;/title&gt;&lt;/head&gt;
&lt;body bgcolor="white"&gt;
&lt;center&gt;&lt;h1&gt;400 Bad Request&lt;/h1&gt;&lt;/center&gt;
&lt;hr&gt;&lt;center&gt;nginx/1.10.1&lt;/center&gt;
&lt;/body&gt;
&lt;/html&gt;


Traceback (most recent call last):
  File "G:\project\interface_upgrade\testcase\userinfoTest.py", line 154, in test_ModifyInfo
    self.assertEqual(200, response.status_code, 'status code:%s' % response.status_code)
AssertionError: status code:400


        </pre>
    </div>
    <!--css div popup end-->

    </td>
</tr>

<tr id='pt2.7' >
    <td class='none'><div class='testcase'>test_followedList_success</div></td>
    <td colspan='5' align='center'>通过</td>
</tr>

<tr id='pt2.8' >
    <td class='none'><div class='testcase'>test_get_Statistic</div></td>
    <td colspan='5' align='center'>通过</td>
</tr>

<tr id='ft2.9'>
    <td class='failCase'><div class='testcase'>test_get_myComplaint</div></td>

    <td colspan='5' align='center'>

    <!--css div popup start-->
    <a class="popup_link" onfocus='this.blur();' href="javascript:showTestDetail('div_ft2.9')" >
        失败</a>

    <div id='div_ft2.9' class="popup_window">
        <div style='text-align: right; color:red;cursor:pointer'>
        <a onfocus='this.blur();' onclick="document.getElementById('div_ft2.9').style.display = 'none' " >
           [x]</a>
        </div>
        <pre>
        
ft2.9: url: http://test.rapself.com:8080/api/user/complaints?status=3&amp;page=1&amp;size=10

状态码: 400
传递的参数是: {'status': 100, 'token': u'sXq8sGepBAch1rAfxcJkKA=='}

响应内容: &lt;html&gt;
&lt;head&gt;&lt;title&gt;400 Bad Request&lt;/title&gt;&lt;/head&gt;
&lt;body bgcolor="white"&gt;
&lt;center&gt;&lt;h1&gt;400 Bad Request&lt;/h1&gt;&lt;/center&gt;
&lt;hr&gt;&lt;center&gt;nginx/1.10.1&lt;/center&gt;
&lt;/body&gt;
&lt;/html&gt;


Traceback (most recent call last):
  File "G:\project\interface_upgrade\testcase\userinfoTest.py", line 209, in test_get_myComplaint
    self.assertEqual(200, response.status_code, 'status code:%s' % response.status_code)
AssertionError: status code:400


        </pre>
    </div>
    <!--css div popup end-->

    </td>
</tr>

<tr id='ft2.10'>
    <td class='failCase'><div class='testcase'>test_get_myMedley</div></td>

    <td colspan='5' align='center'>

    <!--css div popup start-->
    <a class="popup_link" onfocus='this.blur();' href="javascript:showTestDetail('div_ft2.10')" >
        失败</a>

    <div id='div_ft2.10' class="popup_window">
        <div style='text-align: right; color:red;cursor:pointer'>
        <a onfocus='this.blur();' onclick="document.getElementById('div_ft2.10').style.display = 'none' " >
           [x]</a>
        </div>
        <pre>
        
ft2.10: url: http://test.rapself.com:8080/api/user/medleys?status=100&amp;page=1&amp;size=10

状态码: 400
响应内容: &lt;html&gt;
&lt;head&gt;&lt;title&gt;400 Bad Request&lt;/title&gt;&lt;/head&gt;
&lt;body bgcolor="white"&gt;
&lt;center&gt;&lt;h1&gt;400 Bad Request&lt;/h1&gt;&lt;/center&gt;
&lt;hr&gt;&lt;center&gt;nginx/1.10.1&lt;/center&gt;
&lt;/body&gt;
&lt;/html&gt;


Traceback (most recent call last):
  File "G:\project\interface_upgrade\testcase\userinfoTest.py", line 190, in test_get_myMedley
    self.assertEqual(200, response.status_code, 'status code:%s' % response.status_code)
AssertionError: status code:400


        </pre>
    </div>
    <!--css div popup end-->

    </td>
</tr>

<tr id='ft2.11'>
    <td class='failCase'><div class='testcase'>test_get_myRap</div></td>

    <td colspan='5' align='center'>

    <!--css div popup start-->
    <a class="popup_link" onfocus='this.blur();' href="javascript:showTestDetail('div_ft2.11')" >
        失败</a>

    <div id='div_ft2.11' class="popup_window">
        <div style='text-align: right; color:red;cursor:pointer'>
        <a onfocus='this.blur();' onclick="document.getElementById('div_ft2.11').style.display = 'none' " >
           [x]</a>
        </div>
        <pre>
        
ft2.11: url:http://test.rapself.com:8080/api/user/raps?status=100&amp;page=1&amp;size=10
状态码: 400
响应内容: &lt;html&gt;
&lt;head&gt;&lt;title&gt;400 Bad Request&lt;/title&gt;&lt;/head&gt;
&lt;body bgcolor="white"&gt;
&lt;center&gt;&lt;h1&gt;400 Bad Request&lt;/h1&gt;&lt;/center&gt;
&lt;hr&gt;&lt;center&gt;nginx/1.10.1&lt;/center&gt;
&lt;/body&gt;
&lt;/html&gt;


Traceback (most recent call last):
  File "G:\project\interface_upgrade\testcase\userinfoTest.py", line 228, in test_get_myRap
    self.assertEqual(200, response.status_code, 'status code:%s' % response.status_code)
AssertionError: status code:400


        </pre>
    </div>
    <!--css div popup end-->

    </td>
</tr>

<tr id='pt2.12' >
    <td class='none'><div class='testcase'>test_get_userInfo</div></td>
    <td colspan='5' align='center'>通过</td>
</tr>

<tr class='errorClass'>
    <td>testcase.userErrorCheck.userErrorCheck</td>
    <td>51</td>
    <td>2</td>
    <td>10</td>
    <td>39</td>
    <!--<td><a href="javascript:showClassDetail('c3',51)">详情</a></td>-->
</tr>

<tr id='ft3.1'>
    <td class='errorCase'><div class='testcase'>test_Add_BlackList_again</div></td>

    <td colspan='5' align='center'>

    <!--css div popup start-->
    <a class="popup_link" onfocus='this.blur();' href="javascript:showTestDetail('div_ft3.1')" >
        错误</a>

    <div id='div_ft3.1' class="popup_window">
        <div style='text-align: right; color:red;cursor:pointer'>
        <a onfocus='this.blur();' onclick="document.getElementById('div_ft3.1').style.display = 'none' " >
           [x]</a>
        </div>
        <pre>
        
ft3.1: Traceback (most recent call last):
  File "G:\project\interface_upgrade\testcase\userErrorCheck.py", line 277, in test_Add_BlackList_again
    r = response.json()
  File "C:\Python27\lib\site-packages\requests-2.13.0-py2.7.egg\requests\models.py", line 885, in json
    return complexjson.loads(self.text, **kwargs)
  File "C:\Python27\lib\json\__init__.py", line 310, in loads
    return _default_decoder.decode(s)
  File "C:\Python27\lib\json\decoder.py", line 346, in decode
    obj, end = self.raw_decode(s, idx=_w(s, 0).end())
  File "C:\Python27\lib\json\decoder.py", line 364, in raw_decode
    raise ValueError("No JSON object could be decoded")
ValueError: No JSON object could be decoded


        </pre>
    </div>
    <!--css div popup end-->

    </td>
</tr>

<tr id='ft3.2'>
    <td class='errorCase'><div class='testcase'>test_Add_BlackList_id_null</div></td>

    <td colspan='5' align='center'>

    <!--css div popup start-->
    <a class="popup_link" onfocus='this.blur();' href="javascript:showTestDetail('div_ft3.2')" >
        错误</a>

    <div id='div_ft3.2' class="popup_window">
        <div style='text-align: right; color:red;cursor:pointer'>
        <a onfocus='this.blur();' onclick="document.getElementById('div_ft3.2').style.display = 'none' " >
           [x]</a>
        </div>
        <pre>
        
ft3.2: Traceback (most recent call last):
  File "G:\project\interface_upgrade\testcase\userErrorCheck.py", line 260, in test_Add_BlackList_id_null
    r = response.json()
  File "C:\Python27\lib\site-packages\requests-2.13.0-py2.7.egg\requests\models.py", line 885, in json
    return complexjson.loads(self.text, **kwargs)
  File "C:\Python27\lib\json\__init__.py", line 310, in loads
    return _default_decoder.decode(s)
  File "C:\Python27\lib\json\decoder.py", line 346, in decode
    obj, end = self.raw_decode(s, idx=_w(s, 0).end())
  File "C:\Python27\lib\json\decoder.py", line 364, in raw_decode
    raise ValueError("No JSON object could be decoded")
ValueError: No JSON object could be decoded


        </pre>
    </div>
    <!--css div popup end-->

    </td>
</tr>

<tr id='ft3.3'>
    <td class='errorCase'><div class='testcase'>test_Add_BlackList_id_type_wrong</div></td>

    <td colspan='5' align='center'>

    <!--css div popup start-->
    <a class="popup_link" onfocus='this.blur();' href="javascript:showTestDetail('div_ft3.3')" >
        错误</a>

    <div id='div_ft3.3' class="popup_window">
        <div style='text-align: right; color:red;cursor:pointer'>
        <a onfocus='this.blur();' onclick="document.getElementById('div_ft3.3').style.display = 'none' " >
           [x]</a>
        </div>
        <pre>
        
ft3.3: Traceback (most recent call last):
  File "G:\project\interface_upgrade\testcase\userErrorCheck.py", line 268, in test_Add_BlackList_id_type_wrong
    r = response.json()
  File "C:\Python27\lib\site-packages\requests-2.13.0-py2.7.egg\requests\models.py", line 885, in json
    return complexjson.loads(self.text, **kwargs)
  File "C:\Python27\lib\json\__init__.py", line 310, in loads
    return _default_decoder.decode(s)
  File "C:\Python27\lib\json\decoder.py", line 346, in decode
    obj, end = self.raw_decode(s, idx=_w(s, 0).end())
  File "C:\Python27\lib\json\decoder.py", line 364, in raw_decode
    raise ValueError("No JSON object could be decoded")
ValueError: No JSON object could be decoded


        </pre>
    </div>
    <!--css div popup end-->

    </td>
</tr>

<tr id='ft3.4'>
    <td class='errorCase'><div class='testcase'>test_Add_BlackList_self</div></td>

    <td colspan='5' align='center'>

    <!--css div popup start-->
    <a class="popup_link" onfocus='this.blur();' href="javascript:showTestDetail('div_ft3.4')" >
        错误</a>

    <div id='div_ft3.4' class="popup_window">
        <div style='text-align: right; color:red;cursor:pointer'>
        <a onfocus='this.blur();' onclick="document.getElementById('div_ft3.4').style.display = 'none' " >
           [x]</a>
        </div>
        <pre>
        
ft3.4: Traceback (most recent call last):
  File "G:\project\interface_upgrade\testcase\userErrorCheck.py", line 285, in test_Add_BlackList_self
    r = response.json()
  File "C:\Python27\lib\site-packages\requests-2.13.0-py2.7.egg\requests\models.py", line 885, in json
    return complexjson.loads(self.text, **kwargs)
  File "C:\Python27\lib\json\__init__.py", line 310, in loads
    return _default_decoder.decode(s)
  File "C:\Python27\lib\json\decoder.py", line 346, in decode
    obj, end = self.raw_decode(s, idx=_w(s, 0).end())
  File "C:\Python27\lib\json\decoder.py", line 364, in raw_decode
    raise ValueError("No JSON object could be decoded")
ValueError: No JSON object could be decoded


        </pre>
    </div>
    <!--css div popup end-->

    </td>
</tr>

<tr id='ft3.5'>
    <td class='errorCase'><div class='testcase'>test_Add_BlackList_token_null</div></td>

    <td colspan='5' align='center'>

    <!--css div popup start-->
    <a class="popup_link" onfocus='this.blur();' href="javascript:showTestDetail('div_ft3.5')" >
        错误</a>

    <div id='div_ft3.5' class="popup_window">
        <div style='text-align: right; color:red;cursor:pointer'>
        <a onfocus='this.blur();' onclick="document.getElementById('div_ft3.5').style.display = 'none' " >
           [x]</a>
        </div>
        <pre>
        
ft3.5: Traceback (most recent call last):
  File "G:\project\interface_upgrade\testcase\userErrorCheck.py", line 244, in test_Add_BlackList_token_null
    r = response.json()
  File "C:\Python27\lib\site-packages\requests-2.13.0-py2.7.egg\requests\models.py", line 885, in json
    return complexjson.loads(self.text, **kwargs)
  File "C:\Python27\lib\json\__init__.py", line 310, in loads
    return _default_decoder.decode(s)
  File "C:\Python27\lib\json\decoder.py", line 346, in decode
    obj, end = self.raw_decode(s, idx=_w(s, 0).end())
  File "C:\Python27\lib\json\decoder.py", line 364, in raw_decode
    raise ValueError("No JSON object could be decoded")
ValueError: No JSON object could be decoded


        </pre>
    </div>
    <!--css div popup end-->

    </td>
</tr>

<tr id='ft3.6'>
    <td class='errorCase'><div class='testcase'>test_Add_BlackList_token_wrong</div></td>

    <td colspan='5' align='center'>

    <!--css div popup start-->
    <a class="popup_link" onfocus='this.blur();' href="javascript:showTestDetail('div_ft3.6')" >
        错误</a>

    <div id='div_ft3.6' class="popup_window">
        <div style='text-align: right; color:red;cursor:pointer'>
        <a onfocus='this.blur();' onclick="document.getElementById('div_ft3.6').style.display = 'none' " >
           [x]</a>
        </div>
        <pre>
        
ft3.6: Traceback (most recent call last):
  File "G:\project\interface_upgrade\testcase\userErrorCheck.py", line 252, in test_Add_BlackList_token_wrong
    r = response.json()
  File "C:\Python27\lib\site-packages\requests-2.13.0-py2.7.egg\requests\models.py", line 885, in json
    return complexjson.loads(self.text, **kwargs)
  File "C:\Python27\lib\json\__init__.py", line 310, in loads
    return _default_decoder.decode(s)
  File "C:\Python27\lib\json\decoder.py", line 346, in decode
    obj, end = self.raw_decode(s, idx=_w(s, 0).end())
  File "C:\Python27\lib\json\decoder.py", line 364, in raw_decode
    raise ValueError("No JSON object could be decoded")
ValueError: No JSON object could be decoded


        </pre>
    </div>
    <!--css div popup end-->

    </td>
</tr>

<tr id='ft3.7'>
    <td class='errorCase'><div class='testcase'>test_BlackList_del_unexsit</div></td>

    <td colspan='5' align='center'>

    <!--css div popup start-->
    <a class="popup_link" onfocus='this.blur();' href="javascript:showTestDetail('div_ft3.7')" >
        错误</a>

    <div id='div_ft3.7' class="popup_window">
        <div style='text-align: right; color:red;cursor:pointer'>
        <a onfocus='this.blur();' onclick="document.getElementById('div_ft3.7').style.display = 'none' " >
           [x]</a>
        </div>
        <pre>
        
ft3.7: Traceback (most recent call last):
  File "G:\project\interface_upgrade\testcase\userErrorCheck.py", line 301, in test_BlackList_del_unexsit
    r = response.json()
  File "C:\Python27\lib\site-packages\requests-2.13.0-py2.7.egg\requests\models.py", line 885, in json
    return complexjson.loads(self.text, **kwargs)
  File "C:\Python27\lib\json\__init__.py", line 310, in loads
    return _default_decoder.decode(s)
  File "C:\Python27\lib\json\decoder.py", line 346, in decode
    obj, end = self.raw_decode(s, idx=_w(s, 0).end())
  File "C:\Python27\lib\json\decoder.py", line 364, in raw_decode
    raise ValueError("No JSON object could be decoded")
ValueError: No JSON object could be decoded


        </pre>
    </div>
    <!--css div popup end-->

    </td>
</tr>

<tr id='ft3.8'>
    <td class='errorCase'><div class='testcase'>test_BlackList_token_null</div></td>

    <td colspan='5' align='center'>

    <!--css div popup start-->
    <a class="popup_link" onfocus='this.blur();' href="javascript:showTestDetail('div_ft3.8')" >
        错误</a>

    <div id='div_ft3.8' class="popup_window">
        <div style='text-align: right; color:red;cursor:pointer'>
        <a onfocus='this.blur();' onclick="document.getElementById('div_ft3.8').style.display = 'none' " >
           [x]</a>
        </div>
        <pre>
        
ft3.8: Traceback (most recent call last):
  File "G:\project\interface_upgrade\testcase\userErrorCheck.py", line 293, in test_BlackList_token_null
    r = response.json()
  File "C:\Python27\lib\site-packages\requests-2.13.0-py2.7.egg\requests\models.py", line 885, in json
    return complexjson.loads(self.text, **kwargs)
  File "C:\Python27\lib\json\__init__.py", line 310, in loads
    return _default_decoder.decode(s)
  File "C:\Python27\lib\json\decoder.py", line 346, in decode
    obj, end = self.raw_decode(s, idx=_w(s, 0).end())
  File "C:\Python27\lib\json\decoder.py", line 364, in raw_decode
    raise ValueError("No JSON object could be decoded")
ValueError: No JSON object could be decoded


        </pre>
    </div>
    <!--css div popup end-->

    </td>
</tr>

<tr id='ft3.9'>
    <td class='errorCase'><div class='testcase'>test_Create_Medley_lalo_wrong</div></td>

    <td colspan='5' align='center'>

    <!--css div popup start-->
    <a class="popup_link" onfocus='this.blur();' href="javascript:showTestDetail('div_ft3.9')" >
        错误</a>

    <div id='div_ft3.9' class="popup_window">
        <div style='text-align: right; color:red;cursor:pointer'>
        <a onfocus='this.blur();' onclick="document.getElementById('div_ft3.9').style.display = 'none' " >
           [x]</a>
        </div>
        <pre>
        
ft3.9: Traceback (most recent call last):
  File "G:\project\interface_upgrade\testcase\userErrorCheck.py", line 356, in test_Create_Medley_lalo_wrong
    r = response.json()
  File "C:\Python27\lib\site-packages\requests-2.13.0-py2.7.egg\requests\models.py", line 885, in json
    return complexjson.loads(self.text, **kwargs)
  File "C:\Python27\lib\json\__init__.py", line 310, in loads
    return _default_decoder.decode(s)
  File "C:\Python27\lib\json\decoder.py", line 346, in decode
    obj, end = self.raw_decode(s, idx=_w(s, 0).end())
  File "C:\Python27\lib\json\decoder.py", line 364, in raw_decode
    raise ValueError("No JSON object could be decoded")
ValueError: No JSON object could be decoded


        </pre>
    </div>
    <!--css div popup end-->

    </td>
</tr>

<tr id='ft3.10'>
    <td class='errorCase'><div class='testcase'>test_Create_Medley_maxcount_zero</div></td>

    <td colspan='5' align='center'>

    <!--css div popup start-->
    <a class="popup_link" onfocus='this.blur();' href="javascript:showTestDetail('div_ft3.10')" >
        错误</a>

    <div id='div_ft3.10' class="popup_window">
        <div style='text-align: right; color:red;cursor:pointer'>
        <a onfocus='this.blur();' onclick="document.getElementById('div_ft3.10').style.display = 'none' " >
           [x]</a>
        </div>
        <pre>
        
ft3.10: Traceback (most recent call last):
  File "G:\project\interface_upgrade\testcase\userErrorCheck.py", line 338, in test_Create_Medley_maxcount_zero
    r = response.json()
  File "C:\Python27\lib\site-packages\requests-2.13.0-py2.7.egg\requests\models.py", line 885, in json
    return complexjson.loads(self.text, **kwargs)
  File "C:\Python27\lib\json\__init__.py", line 310, in loads
    return _default_decoder.decode(s)
  File "C:\Python27\lib\json\decoder.py", line 346, in decode
    obj, end = self.raw_decode(s, idx=_w(s, 0).end())
  File "C:\Python27\lib\json\decoder.py", line 364, in raw_decode
    raise ValueError("No JSON object could be decoded")
ValueError: No JSON object could be decoded


        </pre>
    </div>
    <!--css div popup end-->

    </td>
</tr>

<tr id='ft3.11'>
    <td class='errorCase'><div class='testcase'>test_Create_Medley_title_null</div></td>

    <td colspan='5' align='center'>

    <!--css div popup start-->
    <a class="popup_link" onfocus='this.blur();' href="javascript:showTestDetail('div_ft3.11')" >
        错误</a>

    <div id='div_ft3.11' class="popup_window">
        <div style='text-align: right; color:red;cursor:pointer'>
        <a onfocus='this.blur();' onclick="document.getElementById('div_ft3.11').style.display = 'none' " >
           [x]</a>
        </div>
        <pre>
        
ft3.11: Traceback (most recent call last):
  File "G:\project\interface_upgrade\testcase\userErrorCheck.py", line 347, in test_Create_Medley_title_null
    r = response.json()
  File "C:\Python27\lib\site-packages\requests-2.13.0-py2.7.egg\requests\models.py", line 885, in json
    return complexjson.loads(self.text, **kwargs)
  File "C:\Python27\lib\json\__init__.py", line 310, in loads
    return _default_decoder.decode(s)
  File "C:\Python27\lib\json\decoder.py", line 346, in decode
    obj, end = self.raw_decode(s, idx=_w(s, 0).end())
  File "C:\Python27\lib\json\decoder.py", line 364, in raw_decode
    raise ValueError("No JSON object could be decoded")
ValueError: No JSON object could be decoded


        </pre>
    </div>
    <!--css div popup end-->

    </td>
</tr>

<tr id='ft3.12'>
    <td class='errorCase'><div class='testcase'>test_Create_Medley_token_null</div></td>

    <td colspan='5' align='center'>

    <!--css div popup start-->
    <a class="popup_link" onfocus='this.blur();' href="javascript:showTestDetail('div_ft3.12')" >
        错误</a>

    <div id='div_ft3.12' class="popup_window">
        <div style='text-align: right; color:red;cursor:pointer'>
        <a onfocus='this.blur();' onclick="document.getElementById('div_ft3.12').style.display = 'none' " >
           [x]</a>
        </div>
        <pre>
        
ft3.12: Traceback (most recent call last):
  File "G:\project\interface_upgrade\testcase\userErrorCheck.py", line 329, in test_Create_Medley_token_null
    r = response.json()
  File "C:\Python27\lib\site-packages\requests-2.13.0-py2.7.egg\requests\models.py", line 885, in json
    return complexjson.loads(self.text, **kwargs)
  File "C:\Python27\lib\json\__init__.py", line 310, in loads
    return _default_decoder.decode(s)
  File "C:\Python27\lib\json\decoder.py", line 346, in decode
    obj, end = self.raw_decode(s, idx=_w(s, 0).end())
  File "C:\Python27\lib\json\decoder.py", line 364, in raw_decode
    raise ValueError("No JSON object could be decoded")
ValueError: No JSON object could be decoded


        </pre>
    </div>
    <!--css div popup end-->

    </td>
</tr>

<tr id='ft3.13'>
    <td class='errorCase'><div class='testcase'>test_FansList_id_wrong</div></td>

    <td colspan='5' align='center'>

    <!--css div popup start-->
    <a class="popup_link" onfocus='this.blur();' href="javascript:showTestDetail('div_ft3.13')" >
        错误</a>

    <div id='div_ft3.13' class="popup_window">
        <div style='text-align: right; color:red;cursor:pointer'>
        <a onfocus='this.blur();' onclick="document.getElementById('div_ft3.13').style.display = 'none' " >
           [x]</a>
        </div>
        <pre>
        
ft3.13: Traceback (most recent call last):
  File "G:\project\interface_upgrade\testcase\userErrorCheck.py", line 221, in test_FansList_id_wrong
    r = response.json()
  File "C:\Python27\lib\site-packages\requests-2.13.0-py2.7.egg\requests\models.py", line 877, in json
    self.content.decode(encoding), **kwargs
  File "C:\Python27\lib\json\__init__.py", line 310, in loads
    return _default_decoder.decode(s)
  File "C:\Python27\lib\json\decoder.py", line 346, in decode
    obj, end = self.raw_decode(s, idx=_w(s, 0).end())
  File "C:\Python27\lib\json\decoder.py", line 364, in raw_decode
    raise ValueError("No JSON object could be decoded")
ValueError: No JSON object could be decoded


        </pre>
    </div>
    <!--css div popup end-->

    </td>
</tr>

<tr id='pt3.14' >
    <td class='none'><div class='testcase'>test_FansList_null</div></td>
    <td colspan='5' align='center'>通过</td>
</tr>

<tr id='ft3.15'>
    <td class='errorCase'><div class='testcase'>test_Focus_again</div></td>

    <td colspan='5' align='center'>

    <!--css div popup start-->
    <a class="popup_link" onfocus='this.blur();' href="javascript:showTestDetail('div_ft3.15')" >
        错误</a>

    <div id='div_ft3.15' class="popup_window">
        <div style='text-align: right; color:red;cursor:pointer'>
        <a onfocus='this.blur();' onclick="document.getElementById('div_ft3.15').style.display = 'none' " >
           [x]</a>
        </div>
        <pre>
        
ft3.15: Traceback (most recent call last):
  File "G:\project\interface_upgrade\testcase\userErrorCheck.py", line 169, in test_Focus_again
    response = user.user_Focus(self.data[1]['id'], self.data[0]['token'])
IndexError: list index out of range


        </pre>
    </div>
    <!--css div popup end-->

    </td>
</tr>

<tr id='ft3.16'>
    <td class='errorCase'><div class='testcase'>test_Focus_self</div></td>

    <td colspan='5' align='center'>

    <!--css div popup start-->
    <a class="popup_link" onfocus='this.blur();' href="javascript:showTestDetail('div_ft3.16')" >
        错误</a>

    <div id='div_ft3.16' class="popup_window">
        <div style='text-align: right; color:red;cursor:pointer'>
        <a onfocus='this.blur();' onclick="document.getElementById('div_ft3.16').style.display = 'none' " >
           [x]</a>
        </div>
        <pre>
        
ft3.16: Traceback (most recent call last):
  File "G:\project\interface_upgrade\testcase\userErrorCheck.py", line 162, in test_Focus_self
    r = response.json()
  File "C:\Python27\lib\site-packages\requests-2.13.0-py2.7.egg\requests\models.py", line 885, in json
    return complexjson.loads(self.text, **kwargs)
  File "C:\Python27\lib\json\__init__.py", line 310, in loads
    return _default_decoder.decode(s)
  File "C:\Python27\lib\json\decoder.py", line 346, in decode
    obj, end = self.raw_decode(s, idx=_w(s, 0).end())
  File "C:\Python27\lib\json\decoder.py", line 364, in raw_decode
    raise ValueError("No JSON object could be decoded")
ValueError: No JSON object could be decoded


        </pre>
    </div>
    <!--css div popup end-->

    </td>
</tr>

<tr id='ft3.17'>
    <td class='failCase'><div class='testcase'>test_FollowedSong_token_null</div></td>

    <td colspan='5' align='center'>

    <!--css div popup start-->
    <a class="popup_link" onfocus='this.blur();' href="javascript:showTestDetail('div_ft3.17')" >
        失败</a>

    <div id='div_ft3.17' class="popup_window">
        <div style='text-align: right; color:red;cursor:pointer'>
        <a onfocus='this.blur();' onclick="document.getElementById('div_ft3.17').style.display = 'none' " >
           [x]</a>
        </div>
        <pre>
        
ft3.17: Traceback (most recent call last):
  File "G:\project\interface_upgrade\testcase\userErrorCheck.py", line 27, in test_FollowedSong_token_null
    self.assertEqual(200, response.status_code, 'status code:%s' % response.status_code)
AssertionError: status code:400


        </pre>
    </div>
    <!--css div popup end-->

    </td>
</tr>

<tr id='ft3.18'>
    <td class='errorCase'><div class='testcase'>test_FollowedSong_token_wrong</div></td>

    <td colspan='5' align='center'>

    <!--css div popup start-->
    <a class="popup_link" onfocus='this.blur();' href="javascript:showTestDetail('div_ft3.18')" >
        错误</a>

    <div id='div_ft3.18' class="popup_window">
        <div style='text-align: right; color:red;cursor:pointer'>
        <a onfocus='this.blur();' onclick="document.getElementById('div_ft3.18').style.display = 'none' " >
           [x]</a>
        </div>
        <pre>
        
ft3.18: Traceback (most recent call last):
  File "G:\project\interface_upgrade\testcase\userErrorCheck.py", line 38, in test_FollowedSong_token_wrong
    r = response.json()
  File "C:\Python27\lib\site-packages\requests-2.13.0-py2.7.egg\requests\models.py", line 885, in json
    return complexjson.loads(self.text, **kwargs)
  File "C:\Python27\lib\json\__init__.py", line 310, in loads
    return _default_decoder.decode(s)
  File "C:\Python27\lib\json\decoder.py", line 346, in decode
    obj, end = self.raw_decode(s, idx=_w(s, 0).end())
  File "C:\Python27\lib\json\decoder.py", line 364, in raw_decode
    raise ValueError("No JSON object could be decoded")
ValueError: No JSON object could be decoded


        </pre>
    </div>
    <!--css div popup end-->

    </td>
</tr>

<tr id='ft3.19'>
    <td class='errorCase'><div class='testcase'>test_FollowedSong_type_error</div></td>

    <td colspan='5' align='center'>

    <!--css div popup start-->
    <a class="popup_link" onfocus='this.blur();' href="javascript:showTestDetail('div_ft3.19')" >
        错误</a>

    <div id='div_ft3.19' class="popup_window">
        <div style='text-align: right; color:red;cursor:pointer'>
        <a onfocus='this.blur();' onclick="document.getElementById('div_ft3.19').style.display = 'none' " >
           [x]</a>
        </div>
        <pre>
        
ft3.19: Traceback (most recent call last):
  File "G:\project\interface_upgrade\testcase\userErrorCheck.py", line 47, in test_FollowedSong_type_error
    r = response.json()
  File "C:\Python27\lib\site-packages\requests-2.13.0-py2.7.egg\requests\models.py", line 885, in json
    return complexjson.loads(self.text, **kwargs)
  File "C:\Python27\lib\json\__init__.py", line 310, in loads
    return _default_decoder.decode(s)
  File "C:\Python27\lib\json\decoder.py", line 346, in decode
    obj, end = self.raw_decode(s, idx=_w(s, 0).end())
  File "C:\Python27\lib\json\decoder.py", line 364, in raw_decode
    raise ValueError("No JSON object could be decoded")
ValueError: No JSON object could be decoded


        </pre>
    </div>
    <!--css div popup end-->

    </td>
</tr>

<tr id='ft3.20'>
    <td class='errorCase'><div class='testcase'>test_Fouce_token_null</div></td>

    <td colspan='5' align='center'>

    <!--css div popup start-->
    <a class="popup_link" onfocus='this.blur();' href="javascript:showTestDetail('div_ft3.20')" >
        错误</a>

    <div id='div_ft3.20' class="popup_window">
        <div style='text-align: right; color:red;cursor:pointer'>
        <a onfocus='this.blur();' onclick="document.getElementById('div_ft3.20').style.display = 'none' " >
           [x]</a>
        </div>
        <pre>
        
ft3.20: Traceback (most recent call last):
  File "G:\project\interface_upgrade\testcase\userErrorCheck.py", line 141, in test_Fouce_token_null
    r = response.json()
  File "C:\Python27\lib\site-packages\requests-2.13.0-py2.7.egg\requests\models.py", line 885, in json
    return complexjson.loads(self.text, **kwargs)
  File "C:\Python27\lib\json\__init__.py", line 310, in loads
    return _default_decoder.decode(s)
  File "C:\Python27\lib\json\decoder.py", line 346, in decode
    obj, end = self.raw_decode(s, idx=_w(s, 0).end())
  File "C:\Python27\lib\json\decoder.py", line 364, in raw_decode
    raise ValueError("No JSON object could be decoded")
ValueError: No JSON object could be decoded


        </pre>
    </div>
    <!--css div popup end-->

    </td>
</tr>

<tr id='ft3.21'>
    <td class='errorCase'><div class='testcase'>test_Fouce_wrong_id</div></td>

    <td colspan='5' align='center'>

    <!--css div popup start-->
    <a class="popup_link" onfocus='this.blur();' href="javascript:showTestDetail('div_ft3.21')" >
        错误</a>

    <div id='div_ft3.21' class="popup_window">
        <div style='text-align: right; color:red;cursor:pointer'>
        <a onfocus='this.blur();' onclick="document.getElementById('div_ft3.21').style.display = 'none' " >
           [x]</a>
        </div>
        <pre>
        
ft3.21: Traceback (most recent call last):
  File "G:\project\interface_upgrade\testcase\userErrorCheck.py", line 155, in test_Fouce_wrong_id
    r = response.json()
  File "C:\Python27\lib\site-packages\requests-2.13.0-py2.7.egg\requests\models.py", line 885, in json
    return complexjson.loads(self.text, **kwargs)
  File "C:\Python27\lib\json\__init__.py", line 310, in loads
    return _default_decoder.decode(s)
  File "C:\Python27\lib\json\decoder.py", line 346, in decode
    obj, end = self.raw_decode(s, idx=_w(s, 0).end())
  File "C:\Python27\lib\json\decoder.py", line 364, in raw_decode
    raise ValueError("No JSON object could be decoded")
ValueError: No JSON object could be decoded


        </pre>
    </div>
    <!--css div popup end-->

    </td>
</tr>

<tr id='ft3.22'>
    <td class='errorCase'><div class='testcase'>test_Fouce_wrong_null</div></td>

    <td colspan='5' align='center'>

    <!--css div popup start-->
    <a class="popup_link" onfocus='this.blur();' href="javascript:showTestDetail('div_ft3.22')" >
        错误</a>

    <div id='div_ft3.22' class="popup_window">
        <div style='text-align: right; color:red;cursor:pointer'>
        <a onfocus='this.blur();' onclick="document.getElementById('div_ft3.22').style.display = 'none' " >
           [x]</a>
        </div>
        <pre>
        
ft3.22: Traceback (most recent call last):
  File "G:\project\interface_upgrade\testcase\userErrorCheck.py", line 148, in test_Fouce_wrong_null
    r = response.json()
  File "C:\Python27\lib\site-packages\requests-2.13.0-py2.7.egg\requests\models.py", line 885, in json
    return complexjson.loads(self.text, **kwargs)
  File "C:\Python27\lib\json\__init__.py", line 310, in loads
    return _default_decoder.decode(s)
  File "C:\Python27\lib\json\decoder.py", line 346, in decode
    obj, end = self.raw_decode(s, idx=_w(s, 0).end())
  File "C:\Python27\lib\json\decoder.py", line 364, in raw_decode
    raise ValueError("No JSON object could be decoded")
ValueError: No JSON object could be decoded


        </pre>
    </div>
    <!--css div popup end-->

    </td>
</tr>

<tr id='ft3.23'>
    <td class='failCase'><div class='testcase'>test_Medley_Participant_id_null</div></td>

    <td colspan='5' align='center'>

    <!--css div popup start-->
    <a class="popup_link" onfocus='this.blur();' href="javascript:showTestDetail('div_ft3.23')" >
        失败</a>

    <div id='div_ft3.23' class="popup_window">
        <div style='text-align: right; color:red;cursor:pointer'>
        <a onfocus='this.blur();' onclick="document.getElementById('div_ft3.23').style.display = 'none' " >
           [x]</a>
        </div>
        <pre>
        
ft3.23: Traceback (most recent call last):
  File "G:\project\interface_upgrade\testcase\userErrorCheck.py", line 366, in test_Medley_Participant_id_null
    self.assertEqual(110, r['status'])
AssertionError: 110 != 0


        </pre>
    </div>
    <!--css div popup end-->

    </td>
</tr>

<tr id='ft3.24'>
    <td class='errorCase'><div class='testcase'>test_Medley_Participant_id_type_error</div></td>

    <td colspan='5' align='center'>

    <!--css div popup start-->
    <a class="popup_link" onfocus='this.blur();' href="javascript:showTestDetail('div_ft3.24')" >
        错误</a>

    <div id='div_ft3.24' class="popup_window">
        <div style='text-align: right; color:red;cursor:pointer'>
        <a onfocus='this.blur();' onclick="document.getElementById('div_ft3.24').style.display = 'none' " >
           [x]</a>
        </div>
        <pre>
        
ft3.24: Traceback (most recent call last):
  File "G:\project\interface_upgrade\testcase\userErrorCheck.py", line 371, in test_Medley_Participant_id_type_error
    r = response.json()
  File "C:\Python27\lib\site-packages\requests-2.13.0-py2.7.egg\requests\models.py", line 877, in json
    self.content.decode(encoding), **kwargs
  File "C:\Python27\lib\json\__init__.py", line 310, in loads
    return _default_decoder.decode(s)
  File "C:\Python27\lib\json\decoder.py", line 346, in decode
    obj, end = self.raw_decode(s, idx=_w(s, 0).end())
  File "C:\Python27\lib\json\decoder.py", line 364, in raw_decode
    raise ValueError("No JSON object could be decoded")
ValueError: No JSON object could be decoded


        </pre>
    </div>
    <!--css div popup end-->

    </td>
</tr>

<tr id='ft3.25'>
    <td class='failCase'><div class='testcase'>test_ModifyInfo_args_miss</div></td>

    <td colspan='5' align='center'>

    <!--css div popup start-->
    <a class="popup_link" onfocus='this.blur();' href="javascript:showTestDetail('div_ft3.25')" >
        失败</a>

    <div id='div_ft3.25' class="popup_window">
        <div style='text-align: right; color:red;cursor:pointer'>
        <a onfocus='this.blur();' onclick="document.getElementById('div_ft3.25').style.display = 'none' " >
           [x]</a>
        </div>
        <pre>
        
ft3.25: Traceback (most recent call last):
  File "G:\project\interface_upgrade\testcase\userErrorCheck.py", line 412, in test_ModifyInfo_args_miss
    self.assertEqual(2, r['status'])
AssertionError: 2 != 0


        </pre>
    </div>
    <!--css div popup end-->

    </td>
</tr>

<tr id='ft3.26'>
    <td class='errorCase'><div class='testcase'>test_ModifyInfo_id_wrong</div></td>

    <td colspan='5' align='center'>

    <!--css div popup start-->
    <a class="popup_link" onfocus='this.blur();' href="javascript:showTestDetail('div_ft3.26')" >
        错误</a>

    <div id='div_ft3.26' class="popup_window">
        <div style='text-align: right; color:red;cursor:pointer'>
        <a onfocus='this.blur();' onclick="document.getElementById('div_ft3.26').style.display = 'none' " >
           [x]</a>
        </div>
        <pre>
        
ft3.26: Traceback (most recent call last):
  File "G:\project\interface_upgrade\testcase\userErrorCheck.py", line 385, in test_ModifyInfo_id_wrong
    r = response.json()
  File "C:\Python27\lib\site-packages\requests-2.13.0-py2.7.egg\requests\models.py", line 885, in json
    return complexjson.loads(self.text, **kwargs)
  File "C:\Python27\lib\json\__init__.py", line 310, in loads
    return _default_decoder.decode(s)
  File "C:\Python27\lib\json\decoder.py", line 346, in decode
    obj, end = self.raw_decode(s, idx=_w(s, 0).end())
  File "C:\Python27\lib\json\decoder.py", line 364, in raw_decode
    raise ValueError("No JSON object could be decoded")
ValueError: No JSON object could be decoded


        </pre>
    </div>
    <!--css div popup end-->

    </td>
</tr>

<tr id='ft3.27'>
    <td class='errorCase'><div class='testcase'>test_ModifyInfo_token_null</div></td>

    <td colspan='5' align='center'>

    <!--css div popup start-->
    <a class="popup_link" onfocus='this.blur();' href="javascript:showTestDetail('div_ft3.27')" >
        错误</a>

    <div id='div_ft3.27' class="popup_window">
        <div style='text-align: right; color:red;cursor:pointer'>
        <a onfocus='this.blur();' onclick="document.getElementById('div_ft3.27').style.display = 'none' " >
           [x]</a>
        </div>
        <pre>
        
ft3.27: Traceback (most recent call last):
  File "G:\project\interface_upgrade\testcase\userErrorCheck.py", line 392, in test_ModifyInfo_token_null
    r = response.json()
  File "C:\Python27\lib\site-packages\requests-2.13.0-py2.7.egg\requests\models.py", line 885, in json
    return complexjson.loads(self.text, **kwargs)
  File "C:\Python27\lib\json\__init__.py", line 310, in loads
    return _default_decoder.decode(s)
  File "C:\Python27\lib\json\decoder.py", line 346, in decode
    obj, end = self.raw_decode(s, idx=_w(s, 0).end())
  File "C:\Python27\lib\json\decoder.py", line 364, in raw_decode
    raise ValueError("No JSON object could be decoded")
ValueError: No JSON object could be decoded


        </pre>
    </div>
    <!--css div popup end-->

    </td>
</tr>

<tr id='ft3.28'>
    <td class='errorCase'><div class='testcase'>test_Newest_Complaint_range_error</div></td>

    <td colspan='5' align='center'>

    <!--css div popup start-->
    <a class="popup_link" onfocus='this.blur();' href="javascript:showTestDetail('div_ft3.28')" >
        错误</a>

    <div id='div_ft3.28' class="popup_window">
        <div style='text-align: right; color:red;cursor:pointer'>
        <a onfocus='this.blur();' onclick="document.getElementById('div_ft3.28').style.display = 'none' " >
           [x]</a>
        </div>
        <pre>
        
ft3.28: Traceback (most recent call last):
  File "G:\project\interface_upgrade\testcase\userErrorCheck.py", line 105, in test_Newest_Complaint_range_error
    response = user.user_Newest_Complaint(0, 10)
AttributeError: UserAPI instance has no attribute 'user_Newest_Complaint'


        </pre>
    </div>
    <!--css div popup end-->

    </td>
</tr>

<tr id='ft3.29'>
    <td class='errorCase'><div class='testcase'>test_Newest_Complaint_size_range</div></td>

    <td colspan='5' align='center'>

    <!--css div popup start-->
    <a class="popup_link" onfocus='this.blur();' href="javascript:showTestDetail('div_ft3.29')" >
        错误</a>

    <div id='div_ft3.29' class="popup_window">
        <div style='text-align: right; color:red;cursor:pointer'>
        <a onfocus='this.blur();' onclick="document.getElementById('div_ft3.29').style.display = 'none' " >
           [x]</a>
        </div>
        <pre>
        
ft3.29: Traceback (most recent call last):
  File "G:\project\interface_upgrade\testcase\userErrorCheck.py", line 112, in test_Newest_Complaint_size_range
    response = user.user_Newest_Complaint(1, 0)
AttributeError: UserAPI instance has no attribute 'user_Newest_Complaint'


        </pre>
    </div>
    <!--css div popup end-->

    </td>
</tr>

<tr id='ft3.30'>
    <td class='errorCase'><div class='testcase'>test_Newest_Complaint_type_error</div></td>

    <td colspan='5' align='center'>

    <!--css div popup start-->
    <a class="popup_link" onfocus='this.blur();' href="javascript:showTestDetail('div_ft3.30')" >
        错误</a>

    <div id='div_ft3.30' class="popup_window">
        <div style='text-align: right; color:red;cursor:pointer'>
        <a onfocus='this.blur();' onclick="document.getElementById('div_ft3.30').style.display = 'none' " >
           [x]</a>
        </div>
        <pre>
        
ft3.30: Traceback (most recent call last):
  File "G:\project\interface_upgrade\testcase\userErrorCheck.py", line 98, in test_Newest_Complaint_type_error
    response = user.user_Newest_Complaint("", 20)
AttributeError: UserAPI instance has no attribute 'user_Newest_Complaint'


        </pre>
    </div>
    <!--css div popup end-->

    </td>
</tr>

<tr id='ft3.31'>
    <td class='errorCase'><div class='testcase'>test_Newest_Medley_range_error</div></td>

    <td colspan='5' align='center'>

    <!--css div popup start-->
    <a class="popup_link" onfocus='this.blur();' href="javascript:showTestDetail('div_ft3.31')" >
        错误</a>

    <div id='div_ft3.31' class="popup_window">
        <div style='text-align: right; color:red;cursor:pointer'>
        <a onfocus='this.blur();' onclick="document.getElementById('div_ft3.31').style.display = 'none' " >
           [x]</a>
        </div>
        <pre>
        
ft3.31: Traceback (most recent call last):
  File "G:\project\interface_upgrade\testcase\userErrorCheck.py", line 84, in test_Newest_Medley_range_error
    response = user.user_Newest_Medley(0, 10)
AttributeError: UserAPI instance has no attribute 'user_Newest_Medley'


        </pre>
    </div>
    <!--css div popup end-->

    </td>
</tr>

<tr id='ft3.32'>
    <td class='errorCase'><div class='testcase'>test_Newest_Medley_size_range</div></td>

    <td colspan='5' align='center'>

    <!--css div popup start-->
    <a class="popup_link" onfocus='this.blur();' href="javascript:showTestDetail('div_ft3.32')" >
        错误</a>

    <div id='div_ft3.32' class="popup_window">
        <div style='text-align: right; color:red;cursor:pointer'>
        <a onfocus='this.blur();' onclick="document.getElementById('div_ft3.32').style.display = 'none' " >
           [x]</a>
        </div>
        <pre>
        
ft3.32: Traceback (most recent call last):
  File "G:\project\interface_upgrade\testcase\userErrorCheck.py", line 91, in test_Newest_Medley_size_range
    response = user.user_Newest_Medley(1, 0)
AttributeError: UserAPI instance has no attribute 'user_Newest_Medley'


        </pre>
    </div>
    <!--css div popup end-->

    </td>
</tr>

<tr id='ft3.33'>
    <td class='errorCase'><div class='testcase'>test_Newest_Medley_type_error</div></td>

    <td colspan='5' align='center'>

    <!--css div popup start-->
    <a class="popup_link" onfocus='this.blur();' href="javascript:showTestDetail('div_ft3.33')" >
        错误</a>

    <div id='div_ft3.33' class="popup_window">
        <div style='text-align: right; color:red;cursor:pointer'>
        <a onfocus='this.blur();' onclick="document.getElementById('div_ft3.33').style.display = 'none' " >
           [x]</a>
        </div>
        <pre>
        
ft3.33: Traceback (most recent call last):
  File "G:\project\interface_upgrade\testcase\userErrorCheck.py", line 76, in test_Newest_Medley_type_error
    response = user.user_Newest_Medley("a", 20)
AttributeError: UserAPI instance has no attribute 'user_Newest_Medley'


        </pre>
    </div>
    <!--css div popup end-->

    </td>
</tr>

<tr id='ft3.34'>
    <td class='errorCase'><div class='testcase'>test_Newest_Rap_null</div></td>

    <td colspan='5' align='center'>

    <!--css div popup start-->
    <a class="popup_link" onfocus='this.blur();' href="javascript:showTestDetail('div_ft3.34')" >
        错误</a>

    <div id='div_ft3.34' class="popup_window">
        <div style='text-align: right; color:red;cursor:pointer'>
        <a onfocus='this.blur();' onclick="document.getElementById('div_ft3.34').style.display = 'none' " >
           [x]</a>
        </div>
        <pre>
        
ft3.34: Traceback (most recent call last):
  File "G:\project\interface_upgrade\testcase\userErrorCheck.py", line 133, in test_Newest_Rap_null
    response = user.user_Newest_Rap(None, None)
AttributeError: UserAPI instance has no attribute 'user_Newest_Rap'


        </pre>
    </div>
    <!--css div popup end-->

    </td>
</tr>

<tr id='ft3.35'>
    <td class='errorCase'><div class='testcase'>test_Newest_Rap_range_error</div></td>

    <td colspan='5' align='center'>

    <!--css div popup start-->
    <a class="popup_link" onfocus='this.blur();' href="javascript:showTestDetail('div_ft3.35')" >
        错误</a>

    <div id='div_ft3.35' class="popup_window">
        <div style='text-align: right; color:red;cursor:pointer'>
        <a onfocus='this.blur();' onclick="document.getElementById('div_ft3.35').style.display = 'none' " >
           [x]</a>
        </div>
        <pre>
        
ft3.35: Traceback (most recent call last):
  File "G:\project\interface_upgrade\testcase\userErrorCheck.py", line 126, in test_Newest_Rap_range_error
    response = user.user_Newest_Rap(0, 10)
AttributeError: UserAPI instance has no attribute 'user_Newest_Rap'


        </pre>
    </div>
    <!--css div popup end-->

    </td>
</tr>

<tr id='ft3.36'>
    <td class='errorCase'><div class='testcase'>test_Newest_Rap_type_error</div></td>

    <td colspan='5' align='center'>

    <!--css div popup start-->
    <a class="popup_link" onfocus='this.blur();' href="javascript:showTestDetail('div_ft3.36')" >
        错误</a>

    <div id='div_ft3.36' class="popup_window">
        <div style='text-align: right; color:red;cursor:pointer'>
        <a onfocus='this.blur();' onclick="document.getElementById('div_ft3.36').style.display = 'none' " >
           [x]</a>
        </div>
        <pre>
        
ft3.36: Traceback (most recent call last):
  File "G:\project\interface_upgrade\testcase\userErrorCheck.py", line 119, in test_Newest_Rap_type_error
    response = user.user_Newest_Rap("a", 20)
AttributeError: UserAPI instance has no attribute 'user_Newest_Rap'


        </pre>
    </div>
    <!--css div popup end-->

    </td>
</tr>

<tr id='ft3.37'>
    <td class='errorCase'><div class='testcase'>test_Participant_Medley_range_out</div></td>

    <td colspan='5' align='center'>

    <!--css div popup start-->
    <a class="popup_link" onfocus='this.blur();' href="javascript:showTestDetail('div_ft3.37')" >
        错误</a>

    <div id='div_ft3.37' class="popup_window">
        <div style='text-align: right; color:red;cursor:pointer'>
        <a onfocus='this.blur();' onclick="document.getElementById('div_ft3.37').style.display = 'none' " >
           [x]</a>
        </div>
        <pre>
        
ft3.37: Traceback (most recent call last):
  File "G:\project\interface_upgrade\testcase\userErrorCheck.py", line 311, in test_Participant_Medley_range_out
    r = response.json()
  File "C:\Python27\lib\site-packages\requests-2.13.0-py2.7.egg\requests\models.py", line 885, in json
    return complexjson.loads(self.text, **kwargs)
  File "C:\Python27\lib\json\__init__.py", line 310, in loads
    return _default_decoder.decode(s)
  File "C:\Python27\lib\json\decoder.py", line 346, in decode
    obj, end = self.raw_decode(s, idx=_w(s, 0).end())
  File "C:\Python27\lib\json\decoder.py", line 364, in raw_decode
    raise ValueError("No JSON object could be decoded")
ValueError: No JSON object could be decoded


        </pre>
    </div>
    <!--css div popup end-->

    </td>
</tr>

<tr id='ft3.38'>
    <td class='errorCase'><div class='testcase'>test_Participant_Medley_type_error</div></td>

    <td colspan='5' align='center'>

    <!--css div popup start-->
    <a class="popup_link" onfocus='this.blur();' href="javascript:showTestDetail('div_ft3.38')" >
        错误</a>

    <div id='div_ft3.38' class="popup_window">
        <div style='text-align: right; color:red;cursor:pointer'>
        <a onfocus='this.blur();' onclick="document.getElementById('div_ft3.38').style.display = 'none' " >
           [x]</a>
        </div>
        <pre>
        
ft3.38: Traceback (most recent call last):
  File "G:\project\interface_upgrade\testcase\userErrorCheck.py", line 318, in test_Participant_Medley_type_error
    r = response.json()
  File "C:\Python27\lib\site-packages\requests-2.13.0-py2.7.egg\requests\models.py", line 885, in json
    return complexjson.loads(self.text, **kwargs)
  File "C:\Python27\lib\json\__init__.py", line 310, in loads
    return _default_decoder.decode(s)
  File "C:\Python27\lib\json\decoder.py", line 346, in decode
    obj, end = self.raw_decode(s, idx=_w(s, 0).end())
  File "C:\Python27\lib\json\decoder.py", line 364, in raw_decode
    raise ValueError("No JSON object could be decoded")
ValueError: No JSON object could be decoded


        </pre>
    </div>
    <!--css div popup end-->

    </td>
</tr>

<tr id='ft3.39'>
    <td class='failCase'><div class='testcase'>test_Recommend_null</div></td>

    <td colspan='5' align='center'>

    <!--css div popup start-->
    <a class="popup_link" onfocus='this.blur();' href="javascript:showTestDetail('div_ft3.39')" >
        失败</a>

    <div id='div_ft3.39' class="popup_window">
        <div style='text-align: right; color:red;cursor:pointer'>
        <a onfocus='this.blur();' onclick="document.getElementById('div_ft3.39').style.display = 'none' " >
           [x]</a>
        </div>
        <pre>
        
ft3.39: Traceback (most recent call last):
  File "G:\project\interface_upgrade\testcase\userErrorCheck.py", line 57, in test_Recommend_null
    self.assertEqual(116, r['status'])
AssertionError: 116 != 999


        </pre>
    </div>
    <!--css div popup end-->

    </td>
</tr>

<tr id='pt3.40' >
    <td class='none'><div class='testcase'>test_Recommend_range_out</div></td>
    <td colspan='5' align='center'>通过</td>
</tr>

<tr id='ft3.41'>
    <td class='errorCase'><div class='testcase'>test_Recommend_type_error</div></td>

    <td colspan='5' align='center'>

    <!--css div popup start-->
    <a class="popup_link" onfocus='this.blur();' href="javascript:showTestDetail('div_ft3.41')" >
        错误</a>

    <div id='div_ft3.41' class="popup_window">
        <div style='text-align: right; color:red;cursor:pointer'>
        <a onfocus='this.blur();' onclick="document.getElementById('div_ft3.41').style.display = 'none' " >
           [x]</a>
        </div>
        <pre>
        
ft3.41: Traceback (most recent call last):
  File "G:\project\interface_upgrade\testcase\userErrorCheck.py", line 69, in test_Recommend_type_error
    r = response.json()
  File "C:\Python27\lib\site-packages\requests-2.13.0-py2.7.egg\requests\models.py", line 877, in json
    self.content.decode(encoding), **kwargs
  File "C:\Python27\lib\json\__init__.py", line 310, in loads
    return _default_decoder.decode(s)
  File "C:\Python27\lib\json\decoder.py", line 346, in decode
    obj, end = self.raw_decode(s, idx=_w(s, 0).end())
  File "C:\Python27\lib\json\decoder.py", line 364, in raw_decode
    raise ValueError("No JSON object could be decoded")
ValueError: No JSON object could be decoded


        </pre>
    </div>
    <!--css div popup end-->

    </td>
</tr>

<tr id='ft3.42'>
    <td class='failCase'><div class='testcase'>test_Statistic_id_null</div></td>

    <td colspan='5' align='center'>

    <!--css div popup start-->
    <a class="popup_link" onfocus='this.blur();' href="javascript:showTestDetail('div_ft3.42')" >
        失败</a>

    <div id='div_ft3.42' class="popup_window">
        <div style='text-align: right; color:red;cursor:pointer'>
        <a onfocus='this.blur();' onclick="document.getElementById('div_ft3.42').style.display = 'none' " >
           [x]</a>
        </div>
        <pre>
        
ft3.42: Traceback (most recent call last):
  File "G:\project\interface_upgrade\testcase\userErrorCheck.py", line 426, in test_Statistic_id_null
    self.assertEqual(999, r['status'])
AssertionError: 999 != 0


        </pre>
    </div>
    <!--css div popup end-->

    </td>
</tr>

<tr id='ft3.43'>
    <td class='failCase'><div class='testcase'>test_Statistic_id_wrong</div></td>

    <td colspan='5' align='center'>

    <!--css div popup start-->
    <a class="popup_link" onfocus='this.blur();' href="javascript:showTestDetail('div_ft3.43')" >
        失败</a>

    <div id='div_ft3.43' class="popup_window">
        <div style='text-align: right; color:red;cursor:pointer'>
        <a onfocus='this.blur();' onclick="document.getElementById('div_ft3.43').style.display = 'none' " >
           [x]</a>
        </div>
        <pre>
        
ft3.43: Traceback (most recent call last):
  File "G:\project\interface_upgrade\testcase\userErrorCheck.py", line 419, in test_Statistic_id_wrong
    self.assertEqual(98, r['status'])
AssertionError: 98 != 0


        </pre>
    </div>
    <!--css div popup end-->

    </td>
</tr>

<tr id='ft3.44'>
    <td class='failCase'><div class='testcase'>test_Violate_id_wrong</div></td>

    <td colspan='5' align='center'>

    <!--css div popup start-->
    <a class="popup_link" onfocus='this.blur();' href="javascript:showTestDetail('div_ft3.44')" >
        失败</a>

    <div id='div_ft3.44' class="popup_window">
        <div style='text-align: right; color:red;cursor:pointer'>
        <a onfocus='this.blur();' onclick="document.getElementById('div_ft3.44').style.display = 'none' " >
           [x]</a>
        </div>
        <pre>
        
ft3.44: Traceback (most recent call last):
  File "G:\project\interface_upgrade\testcase\userErrorCheck.py", line 239, in test_Violate_id_wrong
    self.assertEqual(999, r['status'])
AssertionError: 999 != 3


        </pre>
    </div>
    <!--css div popup end-->

    </td>
</tr>

<tr id='ft3.45'>
    <td class='failCase'><div class='testcase'>test_Violate_null</div></td>

    <td colspan='5' align='center'>

    <!--css div popup start-->
    <a class="popup_link" onfocus='this.blur();' href="javascript:showTestDetail('div_ft3.45')" >
        失败</a>

    <div id='div_ft3.45' class="popup_window">
        <div style='text-align: right; color:red;cursor:pointer'>
        <a onfocus='this.blur();' onclick="document.getElementById('div_ft3.45').style.display = 'none' " >
           [x]</a>
        </div>
        <pre>
        
ft3.45: Traceback (most recent call last):
  File "G:\project\interface_upgrade\testcase\userErrorCheck.py", line 231, in test_Violate_null
    self.assertEqual(999, r['status'])
AssertionError: 999 != 3


        </pre>
    </div>
    <!--css div popup end-->

    </td>
</tr>

<tr id='ft3.46'>
    <td class='errorCase'><div class='testcase'>test_cancelFocus_id_null</div></td>

    <td colspan='5' align='center'>

    <!--css div popup start-->
    <a class="popup_link" onfocus='this.blur();' href="javascript:showTestDetail('div_ft3.46')" >
        错误</a>

    <div id='div_ft3.46' class="popup_window">
        <div style='text-align: right; color:red;cursor:pointer'>
        <a onfocus='this.blur();' onclick="document.getElementById('div_ft3.46').style.display = 'none' " >
           [x]</a>
        </div>
        <pre>
        
ft3.46: Traceback (most recent call last):
  File "G:\project\interface_upgrade\testcase\userErrorCheck.py", line 192, in test_cancelFocus_id_null
    r = response.json()
  File "C:\Python27\lib\site-packages\requests-2.13.0-py2.7.egg\requests\models.py", line 885, in json
    return complexjson.loads(self.text, **kwargs)
  File "C:\Python27\lib\json\__init__.py", line 310, in loads
    return _default_decoder.decode(s)
  File "C:\Python27\lib\json\decoder.py", line 346, in decode
    obj, end = self.raw_decode(s, idx=_w(s, 0).end())
  File "C:\Python27\lib\json\decoder.py", line 364, in raw_decode
    raise ValueError("No JSON object could be decoded")
ValueError: No JSON object could be decoded


        </pre>
    </div>
    <!--css div popup end-->

    </td>
</tr>

<tr id='ft3.47'>
    <td class='errorCase'><div class='testcase'>test_cancelFocus_token_null</div></td>

    <td colspan='5' align='center'>

    <!--css div popup start-->
    <a class="popup_link" onfocus='this.blur();' href="javascript:showTestDetail('div_ft3.47')" >
        错误</a>

    <div id='div_ft3.47' class="popup_window">
        <div style='text-align: right; color:red;cursor:pointer'>
        <a onfocus='this.blur();' onclick="document.getElementById('div_ft3.47').style.display = 'none' " >
           [x]</a>
        </div>
        <pre>
        
ft3.47: Traceback (most recent call last):
  File "G:\project\interface_upgrade\testcase\userErrorCheck.py", line 184, in test_cancelFocus_token_null
    response = user.user_cancelFocus(self.data[1]['id'], None)
IndexError: list index out of range


        </pre>
    </div>
    <!--css div popup end-->

    </td>
</tr>

<tr id='ft3.48'>
    <td class='errorCase'><div class='testcase'>test_cancelFocus_unfocus</div></td>

    <td colspan='5' align='center'>

    <!--css div popup start-->
    <a class="popup_link" onfocus='this.blur();' href="javascript:showTestDetail('div_ft3.48')" >
        错误</a>

    <div id='div_ft3.48' class="popup_window">
        <div style='text-align: right; color:red;cursor:pointer'>
        <a onfocus='this.blur();' onclick="document.getElementById('div_ft3.48').style.display = 'none' " >
           [x]</a>
        </div>
        <pre>
        
ft3.48: Traceback (most recent call last):
  File "G:\project\interface_upgrade\testcase\userErrorCheck.py", line 177, in test_cancelFocus_unfocus
    response = user.user_cancelFocus(self.data[1]['id'], self.data[0]['token'])
IndexError: list index out of range


        </pre>
    </div>
    <!--css div popup end-->

    </td>
</tr>

<tr id='ft3.49'>
    <td class='failCase'><div class='testcase'>test_followedList_null</div></td>

    <td colspan='5' align='center'>

    <!--css div popup start-->
    <a class="popup_link" onfocus='this.blur();' href="javascript:showTestDetail('div_ft3.49')" >
        失败</a>

    <div id='div_ft3.49' class="popup_window">
        <div style='text-align: right; color:red;cursor:pointer'>
        <a onfocus='this.blur();' onclick="document.getElementById('div_ft3.49').style.display = 'none' " >
           [x]</a>
        </div>
        <pre>
        
ft3.49: Traceback (most recent call last):
  File "G:\project\interface_upgrade\testcase\userErrorCheck.py", line 208, in test_followedList_null
    self.assertEqual(999, r['status'])
AssertionError: 999 != 0


        </pre>
    </div>
    <!--css div popup end-->

    </td>
</tr>

<tr id='ft3.50'>
    <td class='errorCase'><div class='testcase'>test_followedList_wrong_id</div></td>

    <td colspan='5' align='center'>

    <!--css div popup start-->
    <a class="popup_link" onfocus='this.blur();' href="javascript:showTestDetail('div_ft3.50')" >
        错误</a>

    <div id='div_ft3.50' class="popup_window">
        <div style='text-align: right; color:red;cursor:pointer'>
        <a onfocus='this.blur();' onclick="document.getElementById('div_ft3.50').style.display = 'none' " >
           [x]</a>
        </div>
        <pre>
        
ft3.50: Traceback (most recent call last):
  File "G:\project\interface_upgrade\testcase\userErrorCheck.py", line 199, in test_followedList_wrong_id
    r = response.json()
  File "C:\Python27\lib\site-packages\requests-2.13.0-py2.7.egg\requests\models.py", line 877, in json
    self.content.decode(encoding), **kwargs
  File "C:\Python27\lib\json\__init__.py", line 310, in loads
    return _default_decoder.decode(s)
  File "C:\Python27\lib\json\decoder.py", line 346, in decode
    obj, end = self.raw_decode(s, idx=_w(s, 0).end())
  File "C:\Python27\lib\json\decoder.py", line 364, in raw_decode
    raise ValueError("No JSON object could be decoded")
ValueError: No JSON object could be decoded


        </pre>
    </div>
    <!--css div popup end-->

    </td>
</tr>

<tr id='ft3.51'>
    <td class='failCase'><div class='testcase'>test_get_userInfo_id_wrong</div></td>

    <td colspan='5' align='center'>

    <!--css div popup start-->
    <a class="popup_link" onfocus='this.blur();' href="javascript:showTestDetail('div_ft3.51')" >
        失败</a>

    <div id='div_ft3.51' class="popup_window">
        <div style='text-align: right; color:red;cursor:pointer'>
        <a onfocus='this.blur();' onclick="document.getElementById('div_ft3.51').style.display = 'none' " >
           [x]</a>
        </div>
        <pre>
        
ft3.51: Traceback (most recent call last):
  File "G:\project\interface_upgrade\testcase\userErrorCheck.py", line 380, in test_get_userInfo_id_wrong
    self.assertEqual(98, r['status'])
AssertionError: 98 != 999


        </pre>
    </div>
    <!--css div popup end-->

    </td>
</tr>

<tr class='errorClass'>
    <td>testcase.coreTest.coreTest</td>
    <td>19</td>
    <td>6</td>
    <td>12</td>
    <td>1</td>
    <!--<td><a href="javascript:showClassDetail('c4',19)">详情</a></td>-->
</tr>

<tr id='ft4.1'>
    <td class='failCase'><div class='testcase'>test_Collect</div></td>

    <td colspan='5' align='center'>

    <!--css div popup start-->
    <a class="popup_link" onfocus='this.blur();' href="javascript:showTestDetail('div_ft4.1')" >
        失败</a>

    <div id='div_ft4.1' class="popup_window">
        <div style='text-align: right; color:red;cursor:pointer'>
        <a onfocus='this.blur();' onclick="document.getElementById('div_ft4.1').style.display = 'none' " >
           [x]</a>
        </div>
        <pre>
        
ft4.1: G:\project\interface_upgrade\testcase\dbManual.py:98: Warning: Incorrect datetime value: '2011' for column 'upload_time' at row 1
  n = cur.execute(sql)
url: http://test.rapself.com:8080/api/user/collect

状态码: 400
传递的参数是: 100001040

响应内容: &lt;html&gt;
&lt;head&gt;&lt;title&gt;400 Bad Request&lt;/title&gt;&lt;/head&gt;
&lt;body bgcolor="white"&gt;
&lt;center&gt;&lt;h1&gt;400 Bad Request&lt;/h1&gt;&lt;/center&gt;
&lt;hr&gt;&lt;center&gt;nginx/1.10.1&lt;/center&gt;
&lt;/body&gt;
&lt;/html&gt;


Traceback (most recent call last):
  File "G:\project\interface_upgrade\testcase\coreTest.py", line 303, in test_Collect
    self.assertEqual(200, response.status_code, 'status code:%s' % response.status_code)
AssertionError: status code:400


        </pre>
    </div>
    <!--css div popup end-->

    </td>
</tr>

<tr id='ft4.2'>
    <td class='failCase'><div class='testcase'>test_Comment_Praise</div></td>

    <td colspan='5' align='center'>

    <!--css div popup start-->
    <a class="popup_link" onfocus='this.blur();' href="javascript:showTestDetail('div_ft4.2')" >
        失败</a>

    <div id='div_ft4.2' class="popup_window">
        <div style='text-align: right; color:red;cursor:pointer'>
        <a onfocus='this.blur();' onclick="document.getElementById('div_ft4.2').style.display = 'none' " >
           [x]</a>
        </div>
        <pre>
        
ft4.2: url: http://test.rapself.com:8080/api/comment/praise

状态码: 400
传递的参数是: 888

响应内容: &lt;html&gt;
&lt;head&gt;&lt;title&gt;400 Bad Request&lt;/title&gt;&lt;/head&gt;
&lt;body bgcolor="white"&gt;
&lt;center&gt;&lt;h1&gt;400 Bad Request&lt;/h1&gt;&lt;/center&gt;
&lt;hr&gt;&lt;center&gt;nginx/1.10.1&lt;/center&gt;
&lt;/body&gt;
&lt;/html&gt;


Traceback (most recent call last):
  File "G:\project\interface_upgrade\testcase\coreTest.py", line 163, in test_Comment_Praise
    self.assertEqual(200, response.status_code, 'status code:%s' % response.status_code)
AssertionError: status code:400


        </pre>
    </div>
    <!--css div popup end-->

    </td>
</tr>

<tr id='pt4.3' >
    <td class='none'><div class='testcase'>test_Comment_V1</div></td>
    <td colspan='5' align='center'>通过</td>
</tr>

<tr id='pt4.4' >
    <td class='none'><div class='testcase'>test_Comment_V1_Time</div></td>
    <td colspan='5' align='center'>通过</td>
</tr>

<tr id='ft4.5'>
    <td class='failCase'><div class='testcase'>test_Comment_cancelPraise</div></td>

    <td colspan='5' align='center'>

    <!--css div popup start-->
    <a class="popup_link" onfocus='this.blur();' href="javascript:showTestDetail('div_ft4.5')" >
        失败</a>

    <div id='div_ft4.5' class="popup_window">
        <div style='text-align: right; color:red;cursor:pointer'>
        <a onfocus='this.blur();' onclick="document.getElementById('div_ft4.5').style.display = 'none' " >
           [x]</a>
        </div>
        <pre>
        
ft4.5: url: http://test.rapself.com:8080/api/comment/praise/cancle

状态码: 400
传递的参数是: 888

响应内容: &lt;html&gt;
&lt;head&gt;&lt;title&gt;400 Bad Request&lt;/title&gt;&lt;/head&gt;
&lt;body bgcolor="white"&gt;
&lt;center&gt;&lt;h1&gt;400 Bad Request&lt;/h1&gt;&lt;/center&gt;
&lt;hr&gt;&lt;center&gt;nginx/1.10.1&lt;/center&gt;
&lt;/body&gt;
&lt;/html&gt;


Traceback (most recent call last):
  File "G:\project\interface_upgrade\testcase\coreTest.py", line 181, in test_Comment_cancelPraise
    self.assertEqual(200, response.status_code, 'status code:%s' % response.status_code)
AssertionError: status code:400


        </pre>
    </div>
    <!--css div popup end-->

    </td>
</tr>

<tr id='ft4.6'>
    <td class='failCase'><div class='testcase'>test_Compose_complaint</div></td>

    <td colspan='5' align='center'>

    <!--css div popup start-->
    <a class="popup_link" onfocus='this.blur();' href="javascript:showTestDetail('div_ft4.6')" >
        失败</a>

    <div id='div_ft4.6' class="popup_window">
        <div style='text-align: right; color:red;cursor:pointer'>
        <a onfocus='this.blur();' onclick="document.getElementById('div_ft4.6').style.display = 'none' " >
           [x]</a>
        </div>
        <pre>
        
ft4.6: (100003889L, 'http://user-storage.oss-cn-qingdao.aliyuncs.com/audio/20170608034606_100001774_d8c828903c2a7385aeaffcbe4d887743.m4a', 2L, datetime.datetime(2017, 6, 8, 16, 1, 37), '')
url: http://test.rapself.com:8080/api/audio/complaint/compose

状态码: 400
传递的参数是: {'latitude': 104, 'lyric': [''], 'description': '', 'title': u'\u63a5\u53e3post', 'images': [], 'isPublic': 1, 'userId': 100001775, 'longitude': 30.508, 'audios': [{'duration': 2L, 'lyric': '', 'key': 'http://user-storage.oss-cn-qingdao.aliyuncs.com/audio/20170608034606_100001774_d8c828903c2a7385aeaffcbe4d887743.m4a'}]}

响应内容: &lt;html&gt;
&lt;head&gt;&lt;title&gt;400 Bad Request&lt;/title&gt;&lt;/head&gt;
&lt;body bgcolor="white"&gt;
&lt;center&gt;&lt;h1&gt;400 Bad Request&lt;/h1&gt;&lt;/center&gt;
&lt;hr&gt;&lt;center&gt;nginx/1.10.1&lt;/center&gt;
&lt;/body&gt;
&lt;/html&gt;


Traceback (most recent call last):
  File "G:\project\interface_upgrade\testcase\coreTest.py", line 60, in test_Compose_complaint
    self.assertEqual(200, response.status_code, 'status code:%s' % response.status_code)
AssertionError: status code:400


        </pre>
    </div>
    <!--css div popup end-->

    </td>
</tr>

<tr id='ft4.7'>
    <td class='failCase'><div class='testcase'>test_Compose_rap</div></td>

    <td colspan='5' align='center'>

    <!--css div popup start-->
    <a class="popup_link" onfocus='this.blur();' href="javascript:showTestDetail('div_ft4.7')" >
        失败</a>

    <div id='div_ft4.7' class="popup_window">
        <div style='text-align: right; color:red;cursor:pointer'>
        <a onfocus='this.blur();' onclick="document.getElementById('div_ft4.7').style.display = 'none' " >
           [x]</a>
        </div>
        <pre>
        
ft4.7: (100000246L, 'http://user-storage.oss-cn-qingdao.aliyuncs.com/audio/20170317020923_100000005_825012e59dd2f2d2213a7807f6fd8cf3.wav', 112L, datetime.datetime(2017, 3, 17, 14, 9, 30), '[00:00.00]???????\n[00:04.85]????????????????????????????????????????????????\n[00:16.41]??\n[00:17.41]????????????????\n[00:20.99]?????\n[00:23.19]????????????\n[00:25.77]?????????????????????\n[00:31.13]??????????????????\n[00:38.41]??????\n[00:39.97]????\n[00:41.17]??????????\n[00:44.35]????????????????\n[00:48.32]??????\n[00:50.10]????????????????\n[00:54.10]???\n[00:55.32]????????????????????\n[01:00.43]???????\n[01:03.34]????????????????\n[01:07.98]???????\n[01:10.39]??????????\n[01:13.24]?????????\n[01:16.79]?????????????????\n[01:21.26]?????????\n[01:24.34]????\n[01:28.00]????????\n[01:30.27]?????????\n[01:32.79]??????\n[01:35.11]???????????????\n[01:38.83]?\n[01:39.79]???????\n[01:42.04]??????????????????\n[01:47.24]??????????\n[01:50.08]?????????')
112
url: http://test.rapself.com:8080/api/audio/rap/compose

状态码: 400
传递的参数是: {'latitude': 104, 'lyric': ['[00:00.00]???????\n[00:04.85]????????????????????????????????????????????????\n[00:16.41]??\n[00:17.41]????????????????\n[00:20.99]?????\n[00:23.19]????????????\n[00:25.77]?????????????????????\n[00:31.13]??????????????????\n[00:38.41]??????\n[00:39.97]????\n[00:41.17]??????????\n[00:44.35]????????????????\n[00:48.32]??????\n[00:50.10]????????????????\n[00:54.10]???\n[00:55.32]????????????????????\n[01:00.43]???????\n[01:03.34]????????????????\n[01:07.98]???????\n[01:10.39]??????????\n[01:13.24]?????????\n[01:16.79]?????????????????\n[01:21.26]?????????\n[01:24.34]????\n[01:28.00]????????\n[01:30.27]?????????\n[01:32.79]??????\n[01:35.11]???????????????\n[01:38.83]?\n[01:39.79]???????\n[01:42.04]??????????????????\n[01:47.24]??????????\n[01:50.08]?????????'], 'description': '', 'title': u'\u63a5\u53e3post', 'images': [], 'isPublic': 1, 'userId': 100001775, 'longitude': 30.508, 'audios': [{'duration': 112L, 'lyric': '[00:00.00]???????\n[00:04.85]????????????????????????????????????????????????\n[00:16.41]??\n[00:17.41]????????????????\n[00:20.99]?????\n[00:23.19]????????????\n[00:25.77]?????????????????????\n[00:31.13]??????????????????\n[00:38.41]??????\n[00:39.97]????\n[00:41.17]??????????\n[00:44.35]????????????????\n[00:48.32]??????\n[00:50.10]????????????????\n[00:54.10]???\n[00:55.32]????????????????????\n[01:00.43]???????\n[01:03.34]????????????????\n[01:07.98]???????\n[01:10.39]??????????\n[01:13.24]?????????\n[01:16.79]?????????????????\n[01:21.26]?????????\n[01:24.34]????\n[01:28.00]????????\n[01:30.27]?????????\n[01:32.79]??????\n[01:35.11]???????????????\n[01:38.83]?\n[01:39.79]???????\n[01:42.04]??????????????????\n[01:47.24]??????????\n[01:50.08]?????????', 'key': 'http://user-storage.oss-cn-qingdao.aliyuncs.com/audio/20170317020923_100000005_825012e59dd2f2d2213a7807f6fd8cf3.wav'}]}

响应内容: &lt;html&gt;
&lt;head&gt;&lt;title&gt;400 Bad Request&lt;/title&gt;&lt;/head&gt;
&lt;body bgcolor="white"&gt;
&lt;center&gt;&lt;h1&gt;400 Bad Request&lt;/h1&gt;&lt;/center&gt;
&lt;hr&gt;&lt;center&gt;nginx/1.10.1&lt;/center&gt;
&lt;/body&gt;
&lt;/html&gt;


Traceback (most recent call last):
  File "G:\project\interface_upgrade\testcase\coreTest.py", line 37, in test_Compose_rap
    self.assertEqual(200, response.status_code, 'status code:%s' % response.status_code)
AssertionError: status code:400


        </pre>
    </div>
    <!--css div popup end-->

    </td>
</tr>

<tr id='ft4.8'>
    <td class='failCase'><div class='testcase'>test_Del_Music</div></td>

    <td colspan='5' align='center'>

    <!--css div popup start-->
    <a class="popup_link" onfocus='this.blur();' href="javascript:showTestDetail('div_ft4.8')" >
        失败</a>

    <div id='div_ft4.8' class="popup_window">
        <div style='text-align: right; color:red;cursor:pointer'>
        <a onfocus='this.blur();' onclick="document.getElementById('div_ft4.8').style.display = 'none' " >
           [x]</a>
        </div>
        <pre>
        
ft4.8: 100001414
url: http://test.rapself.com:8080/api/user/raps/delete

状态码: 400
传递的参数是: 100001414

响应内容: &lt;html&gt;
&lt;head&gt;&lt;title&gt;400 Bad Request&lt;/title&gt;&lt;/head&gt;
&lt;body bgcolor="white"&gt;
&lt;center&gt;&lt;h1&gt;400 Bad Request&lt;/h1&gt;&lt;/center&gt;
&lt;hr&gt;&lt;center&gt;nginx/1.10.1&lt;/center&gt;
&lt;/body&gt;
&lt;/html&gt;


Traceback (most recent call last):
  File "G:\project\interface_upgrade\testcase\coreTest.py", line 474, in test_Del_Music
    self.assertEqual(200, response.status_code)
AssertionError: 200 != 400


        </pre>
    </div>
    <!--css div popup end-->

    </td>
</tr>

<tr id='pt4.9' >
    <td class='none'><div class='testcase'>test_Get_Hot_subComment</div></td>
    <td colspan='5' align='center'>通过</td>
</tr>

<tr id='pt4.10' >
    <td class='none'><div class='testcase'>test_Get_New_subComment</div></td>
    <td colspan='5' align='center'>通过</td>
</tr>

<tr id='ft4.11'>
    <td class='errorCase'><div class='testcase'>test_Join_Medley</div></td>

    <td colspan='5' align='center'>

    <!--css div popup start-->
    <a class="popup_link" onfocus='this.blur();' href="javascript:showTestDetail('div_ft4.11')" >
        错误</a>

    <div id='div_ft4.11' class="popup_window">
        <div style='text-align: right; color:red;cursor:pointer'>
        <a onfocus='this.blur();' onclick="document.getElementById('div_ft4.11').style.display = 'none' " >
           [x]</a>
        </div>
        <pre>
        
ft4.11: (100010101L, 'http://user-storage.oss-cn-qingdao.aliyuncs.com/audio/20170606110606_100001774_b8b53edbcc6019255b80f6a2fa24903b.m4a', 7L, datetime.datetime(2017, 6, 13, 17, 4, 25), '[00:00.00]??????\n[00:07.76]?')
audio id is 100010101 and medley id is 100004625
url: http://test.rapself.com:8080/api/audio/joinMedley

状态码: 400
传递的参数是: 100004625

响应内容: &lt;html&gt;
&lt;head&gt;&lt;title&gt;400 Bad Request&lt;/title&gt;&lt;/head&gt;
&lt;body bgcolor="white"&gt;
&lt;center&gt;&lt;h1&gt;400 Bad Request&lt;/h1&gt;&lt;/center&gt;
&lt;hr&gt;&lt;center&gt;nginx/1.10.1&lt;/center&gt;
&lt;/body&gt;
&lt;/html&gt;


Traceback (most recent call last):
  File "G:\project\interface_upgrade\testcase\coreTest.py", line 503, in test_Join_Medley
    r = response.json()
  File "C:\Python27\lib\site-packages\requests-2.13.0-py2.7.egg\requests\models.py", line 885, in json
    return complexjson.loads(self.text, **kwargs)
  File "C:\Python27\lib\json\__init__.py", line 310, in loads
    return _default_decoder.decode(s)
  File "C:\Python27\lib\json\decoder.py", line 346, in decode
    obj, end = self.raw_decode(s, idx=_w(s, 0).end())
  File "C:\Python27\lib\json\decoder.py", line 364, in raw_decode
    raise ValueError("No JSON object could be decoded")
ValueError: No JSON object could be decoded


        </pre>
    </div>
    <!--css div popup end-->

    </td>
</tr>

<tr id='ft4.12'>
    <td class='failCase'><div class='testcase'>test_Listen</div></td>

    <td colspan='5' align='center'>

    <!--css div popup start-->
    <a class="popup_link" onfocus='this.blur();' href="javascript:showTestDetail('div_ft4.12')" >
        失败</a>

    <div id='div_ft4.12' class="popup_window">
        <div style='text-align: right; color:red;cursor:pointer'>
        <a onfocus='this.blur();' onclick="document.getElementById('div_ft4.12').style.display = 'none' " >
           [x]</a>
        </div>
        <pre>
        
ft4.12: 100001651
url: http://test.rapself.com:8080/api/user/listen

状态码: 400
响应内容: &lt;html&gt;
&lt;head&gt;&lt;title&gt;400 Bad Request&lt;/title&gt;&lt;/head&gt;
&lt;body bgcolor="white"&gt;
&lt;center&gt;&lt;h1&gt;400 Bad Request&lt;/h1&gt;&lt;/center&gt;
&lt;hr&gt;&lt;center&gt;nginx/1.10.1&lt;/center&gt;
&lt;/body&gt;
&lt;/html&gt;


Traceback (most recent call last):
  File "G:\project\interface_upgrade\testcase\coreTest.py", line 103, in test_Listen
    self.assertEqual(200, response.status_code, 'status code:%s' % response.status_code)
AssertionError: status code:400


        </pre>
    </div>
    <!--css div popup end-->

    </td>
</tr>

<tr id='ft4.13'>
    <td class='failCase'><div class='testcase'>test_Mycollect</div></td>

    <td colspan='5' align='center'>

    <!--css div popup start-->
    <a class="popup_link" onfocus='this.blur();' href="javascript:showTestDetail('div_ft4.13')" >
        失败</a>

    <div id='div_ft4.13' class="popup_window">
        <div style='text-align: right; color:red;cursor:pointer'>
        <a onfocus='this.blur();' onclick="document.getElementById('div_ft4.13').style.display = 'none' " >
           [x]</a>
        </div>
        <pre>
        
ft4.13: url: http://test.rapself.com:8080/api/user/collectList?page=1&amp;size=100

状态码: 400
响应内容: &lt;html&gt;
&lt;head&gt;&lt;title&gt;400 Bad Request&lt;/title&gt;&lt;/head&gt;
&lt;body bgcolor="white"&gt;
&lt;center&gt;&lt;h1&gt;400 Bad Request&lt;/h1&gt;&lt;/center&gt;
&lt;hr&gt;&lt;center&gt;nginx/1.10.1&lt;/center&gt;
&lt;/body&gt;
&lt;/html&gt;


Traceback (most recent call last):
  File "G:\project\interface_upgrade\testcase\coreTest.py", line 366, in test_Mycollect
    self.assertEqual(200, response.status_code, 'status code:%s' % response.status_code)
AssertionError: status code:400


        </pre>
    </div>
    <!--css div popup end-->

    </td>
</tr>

<tr id='pt4.14' >
    <td class='none'><div class='testcase'>test_RecommendLyric</div></td>
    <td colspan='5' align='center'>通过</td>
</tr>

<tr id='pt4.15' >
    <td class='none'><div class='testcase'>test_SongDetail_V1</div></td>
    <td colspan='5' align='center'>通过</td>
</tr>

<tr id='ft4.16'>
    <td class='failCase'><div class='testcase'>test_Song_Praise</div></td>

    <td colspan='5' align='center'>

    <!--css div popup start-->
    <a class="popup_link" onfocus='this.blur();' href="javascript:showTestDetail('div_ft4.16')" >
        失败</a>

    <div id='div_ft4.16' class="popup_window">
        <div style='text-align: right; color:red;cursor:pointer'>
        <a onfocus='this.blur();' onclick="document.getElementById('div_ft4.16').style.display = 'none' " >
           [x]</a>
        </div>
        <pre>
        
ft4.16: 
()
url: http://test.rapself.com:8080/api/user/praise

状态码: 400
传递的参数是: 100000378

响应内容: &lt;html&gt;
&lt;head&gt;&lt;title&gt;400 Bad Request&lt;/title&gt;&lt;/head&gt;
&lt;body bgcolor="white"&gt;
&lt;center&gt;&lt;h1&gt;400 Bad Request&lt;/h1&gt;&lt;/center&gt;
&lt;hr&gt;&lt;center&gt;nginx/1.10.1&lt;/center&gt;
&lt;/body&gt;
&lt;/html&gt;


Traceback (most recent call last):
  File "G:\project\interface_upgrade\testcase\coreTest.py", line 247, in test_Song_Praise
    self.assertEqual(200, response.status_code, 'status code:%s' % response.status_code)
AssertionError: status code:400


        </pre>
    </div>
    <!--css div popup end-->

    </td>
</tr>

<tr id='ft4.17'>
    <td class='failCase'><div class='testcase'>test_Song_cancelPraise</div></td>

    <td colspan='5' align='center'>

    <!--css div popup start-->
    <a class="popup_link" onfocus='this.blur();' href="javascript:showTestDetail('div_ft4.17')" >
        失败</a>

    <div id='div_ft4.17' class="popup_window">
        <div style='text-align: right; color:red;cursor:pointer'>
        <a onfocus='this.blur();' onclick="document.getElementById('div_ft4.17').style.display = 'none' " >
           [x]</a>
        </div>
        <pre>
        
ft4.17: ((100000264L,), (100000673L,), (100000685L,), (100000012L,), (100000115L,), (100000094L,), (100001114L,), (100001023L,), (100001176L,), (100001040L,), (100000014L,), (100000137L,), (100000018L,), (100000285L,), (100001185L,), (100001020L,), (100000983L,), (100000114L,), (100001062L,), (100000263L,), (100000527L,), (100000704L,), (100000817L,), (100001218L,), (100001330L,), (100000380L,), (100001134L,), (100001373L,), (100001414L,), (100000054L,), (100000809L,))
100001023
url: http://test.rapself.com:8080/api/user/cancelPraise

状态码: 400
传递的参数是: 100001023

响应内容: &lt;html&gt;
&lt;head&gt;&lt;title&gt;400 Bad Request&lt;/title&gt;&lt;/head&gt;
&lt;body bgcolor="white"&gt;
&lt;center&gt;&lt;h1&gt;400 Bad Request&lt;/h1&gt;&lt;/center&gt;
&lt;hr&gt;&lt;center&gt;nginx/1.10.1&lt;/center&gt;
&lt;/body&gt;
&lt;/html&gt;


Traceback (most recent call last):
  File "G:\project\interface_upgrade\testcase\coreTest.py", line 276, in test_Song_cancelPraise
    self.assertEqual(200, response.status_code, 'status code:%s' % response.status_code)
AssertionError: status code:400


        </pre>
    </div>
    <!--css div popup end-->

    </td>
</tr>

<tr id='ft4.18'>
    <td class='failCase'><div class='testcase'>test_cancelCollect</div></td>

    <td colspan='5' align='center'>

    <!--css div popup start-->
    <a class="popup_link" onfocus='this.blur();' href="javascript:showTestDetail('div_ft4.18')" >
        失败</a>

    <div id='div_ft4.18' class="popup_window">
        <div style='text-align: right; color:red;cursor:pointer'>
        <a onfocus='this.blur();' onclick="document.getElementById('div_ft4.18').style.display = 'none' " >
           [x]</a>
        </div>
        <pre>
        
ft4.18: 100001252
url: http://test.rapself.com:8080/api/user/cancelCollect

状态码: 400
传递的参数是: 100001252

响应内容: &lt;html&gt;
&lt;head&gt;&lt;title&gt;400 Bad Request&lt;/title&gt;&lt;/head&gt;
&lt;body bgcolor="white"&gt;
&lt;center&gt;&lt;h1&gt;400 Bad Request&lt;/h1&gt;&lt;/center&gt;
&lt;hr&gt;&lt;center&gt;nginx/1.10.1&lt;/center&gt;
&lt;/body&gt;
&lt;/html&gt;


Traceback (most recent call last):
  File "G:\project\interface_upgrade\testcase\coreTest.py", line 341, in test_cancelCollect
    self.assertEqual(200, response.status_code, 'status code:%s' % response.status_code)
AssertionError: status code:400


        </pre>
    </div>
    <!--css div popup end-->

    </td>
</tr>

<tr id='ft4.19'>
    <td class='failCase'><div class='testcase'>test_subComment</div></td>

    <td colspan='5' align='center'>

    <!--css div popup start-->
    <a class="popup_link" onfocus='this.blur();' href="javascript:showTestDetail('div_ft4.19')" >
        失败</a>

    <div id='div_ft4.19' class="popup_window">
        <div style='text-align: right; color:red;cursor:pointer'>
        <a onfocus='this.blur();' onclick="document.getElementById('div_ft4.19').style.display = 'none' " >
           [x]</a>
        </div>
        <pre>
        
ft4.19: (223L, 912L, 100000036L, '?????', 'suo?ga', None, None, None, 1L, 0L, datetime.datetime(2017, 5, 5, 11, 19, 17))
url: http://test.rapself.com:8080/api/subComments

状态码: 400
传递的参数是: {'content': u'\u56fe\u7247', 'commentAsset': [], 'toCommentId': '223', 'toUserName': '?????', 'songCommentId': 912, 'toUserId': '100000036'}

响应内容: &lt;html&gt;
&lt;head&gt;&lt;title&gt;400 Bad Request&lt;/title&gt;&lt;/head&gt;
&lt;body bgcolor="white"&gt;
&lt;center&gt;&lt;h1&gt;400 Bad Request&lt;/h1&gt;&lt;/center&gt;
&lt;hr&gt;&lt;center&gt;nginx/1.10.1&lt;/center&gt;
&lt;/body&gt;
&lt;/html&gt;


Traceback (most recent call last):
  File "G:\project\interface_upgrade\testcase\coreTest.py", line 438, in test_subComment
    self.assertEqual(200, response.status_code, 'status code:%s' % response.status_code)
AssertionError: status code:400


        </pre>
    </div>
    <!--css div popup end-->

    </td>
</tr>

<tr class='errorClass'>
    <td>testcase.coreErrorTest.coreErrorTest</td>
    <td>24</td>
    <td>0</td>
    <td>0</td>
    <td>24</td>
    <!--<td><a href="javascript:showClassDetail('c5',24)">详情</a></td>-->
</tr>

<tr id='ft5.1'>
    <td class='errorCase'><div class='testcase'>test_Collect</div></td>

    <td colspan='5' align='center'>

    <!--css div popup start-->
    <a class="popup_link" onfocus='this.blur();' href="javascript:showTestDetail('div_ft5.1')" >
        错误</a>

    <div id='div_ft5.1' class="popup_window">
        <div style='text-align: right; color:red;cursor:pointer'>
        <a onfocus='this.blur();' onclick="document.getElementById('div_ft5.1').style.display = 'none' " >
           [x]</a>
        </div>
        <pre>
        
ft5.1: Traceback (most recent call last):
  File "G:\project\interface_upgrade\testcase\coreErrorTest.py", line 15, in setUp
    self.d = data_init.testData()
TypeError: __init__() takes exactly 2 arguments (1 given)


        </pre>
    </div>
    <!--css div popup end-->

    </td>
</tr>

<tr id='ft5.2'>
    <td class='errorCase'><div class='testcase'>test_Comment_Praise</div></td>

    <td colspan='5' align='center'>

    <!--css div popup start-->
    <a class="popup_link" onfocus='this.blur();' href="javascript:showTestDetail('div_ft5.2')" >
        错误</a>

    <div id='div_ft5.2' class="popup_window">
        <div style='text-align: right; color:red;cursor:pointer'>
        <a onfocus='this.blur();' onclick="document.getElementById('div_ft5.2').style.display = 'none' " >
           [x]</a>
        </div>
        <pre>
        
ft5.2: Traceback (most recent call last):
  File "G:\project\interface_upgrade\testcase\coreErrorTest.py", line 15, in setUp
    self.d = data_init.testData()
TypeError: __init__() takes exactly 2 arguments (1 given)


        </pre>
    </div>
    <!--css div popup end-->

    </td>
</tr>

<tr id='ft5.3'>
    <td class='errorCase'><div class='testcase'>test_Comment_V1</div></td>

    <td colspan='5' align='center'>

    <!--css div popup start-->
    <a class="popup_link" onfocus='this.blur();' href="javascript:showTestDetail('div_ft5.3')" >
        错误</a>

    <div id='div_ft5.3' class="popup_window">
        <div style='text-align: right; color:red;cursor:pointer'>
        <a onfocus='this.blur();' onclick="document.getElementById('div_ft5.3').style.display = 'none' " >
           [x]</a>
        </div>
        <pre>
        
ft5.3: Traceback (most recent call last):
  File "G:\project\interface_upgrade\testcase\coreErrorTest.py", line 15, in setUp
    self.d = data_init.testData()
TypeError: __init__() takes exactly 2 arguments (1 given)


        </pre>
    </div>
    <!--css div popup end-->

    </td>
</tr>

<tr id='ft5.4'>
    <td class='errorCase'><div class='testcase'>test_Comment_V1_Time</div></td>

    <td colspan='5' align='center'>

    <!--css div popup start-->
    <a class="popup_link" onfocus='this.blur();' href="javascript:showTestDetail('div_ft5.4')" >
        错误</a>

    <div id='div_ft5.4' class="popup_window">
        <div style='text-align: right; color:red;cursor:pointer'>
        <a onfocus='this.blur();' onclick="document.getElementById('div_ft5.4').style.display = 'none' " >
           [x]</a>
        </div>
        <pre>
        
ft5.4: Traceback (most recent call last):
  File "G:\project\interface_upgrade\testcase\coreErrorTest.py", line 15, in setUp
    self.d = data_init.testData()
TypeError: __init__() takes exactly 2 arguments (1 given)


        </pre>
    </div>
    <!--css div popup end-->

    </td>
</tr>

<tr id='ft5.5'>
    <td class='errorCase'><div class='testcase'>test_Comment_cancelPraise</div></td>

    <td colspan='5' align='center'>

    <!--css div popup start-->
    <a class="popup_link" onfocus='this.blur();' href="javascript:showTestDetail('div_ft5.5')" >
        错误</a>

    <div id='div_ft5.5' class="popup_window">
        <div style='text-align: right; color:red;cursor:pointer'>
        <a onfocus='this.blur();' onclick="document.getElementById('div_ft5.5').style.display = 'none' " >
           [x]</a>
        </div>
        <pre>
        
ft5.5: Traceback (most recent call last):
  File "G:\project\interface_upgrade\testcase\coreErrorTest.py", line 15, in setUp
    self.d = data_init.testData()
TypeError: __init__() takes exactly 2 arguments (1 given)


        </pre>
    </div>
    <!--css div popup end-->

    </td>
</tr>

<tr id='ft5.6'>
    <td class='errorCase'><div class='testcase'>test_Compose_rap_id_wrong</div></td>

    <td colspan='5' align='center'>

    <!--css div popup start-->
    <a class="popup_link" onfocus='this.blur();' href="javascript:showTestDetail('div_ft5.6')" >
        错误</a>

    <div id='div_ft5.6' class="popup_window">
        <div style='text-align: right; color:red;cursor:pointer'>
        <a onfocus='this.blur();' onclick="document.getElementById('div_ft5.6').style.display = 'none' " >
           [x]</a>
        </div>
        <pre>
        
ft5.6: Traceback (most recent call last):
  File "G:\project\interface_upgrade\testcase\coreErrorTest.py", line 15, in setUp
    self.d = data_init.testData()
TypeError: __init__() takes exactly 2 arguments (1 given)


        </pre>
    </div>
    <!--css div popup end-->

    </td>
</tr>

<tr id='ft5.7'>
    <td class='errorCase'><div class='testcase'>test_Compose_rap_longitude_wrong</div></td>

    <td colspan='5' align='center'>

    <!--css div popup start-->
    <a class="popup_link" onfocus='this.blur();' href="javascript:showTestDetail('div_ft5.7')" >
        错误</a>

    <div id='div_ft5.7' class="popup_window">
        <div style='text-align: right; color:red;cursor:pointer'>
        <a onfocus='this.blur();' onclick="document.getElementById('div_ft5.7').style.display = 'none' " >
           [x]</a>
        </div>
        <pre>
        
ft5.7: Traceback (most recent call last):
  File "G:\project\interface_upgrade\testcase\coreErrorTest.py", line 15, in setUp
    self.d = data_init.testData()
TypeError: __init__() takes exactly 2 arguments (1 given)


        </pre>
    </div>
    <!--css div popup end-->

    </td>
</tr>

<tr id='ft5.8'>
    <td class='errorCase'><div class='testcase'>test_Compose_rap_token_null</div></td>

    <td colspan='5' align='center'>

    <!--css div popup start-->
    <a class="popup_link" onfocus='this.blur();' href="javascript:showTestDetail('div_ft5.8')" >
        错误</a>

    <div id='div_ft5.8' class="popup_window">
        <div style='text-align: right; color:red;cursor:pointer'>
        <a onfocus='this.blur();' onclick="document.getElementById('div_ft5.8').style.display = 'none' " >
           [x]</a>
        </div>
        <pre>
        
ft5.8: Traceback (most recent call last):
  File "G:\project\interface_upgrade\testcase\coreErrorTest.py", line 15, in setUp
    self.d = data_init.testData()
TypeError: __init__() takes exactly 2 arguments (1 given)


        </pre>
    </div>
    <!--css div popup end-->

    </td>
</tr>

<tr id='ft5.9'>
    <td class='errorCase'><div class='testcase'>test_Del_Music</div></td>

    <td colspan='5' align='center'>

    <!--css div popup start-->
    <a class="popup_link" onfocus='this.blur();' href="javascript:showTestDetail('div_ft5.9')" >
        错误</a>

    <div id='div_ft5.9' class="popup_window">
        <div style='text-align: right; color:red;cursor:pointer'>
        <a onfocus='this.blur();' onclick="document.getElementById('div_ft5.9').style.display = 'none' " >
           [x]</a>
        </div>
        <pre>
        
ft5.9: Traceback (most recent call last):
  File "G:\project\interface_upgrade\testcase\coreErrorTest.py", line 15, in setUp
    self.d = data_init.testData()
TypeError: __init__() takes exactly 2 arguments (1 given)


        </pre>
    </div>
    <!--css div popup end-->

    </td>
</tr>

<tr id='ft5.10'>
    <td class='errorCase'><div class='testcase'>test_Del_songComment</div></td>

    <td colspan='5' align='center'>

    <!--css div popup start-->
    <a class="popup_link" onfocus='this.blur();' href="javascript:showTestDetail('div_ft5.10')" >
        错误</a>

    <div id='div_ft5.10' class="popup_window">
        <div style='text-align: right; color:red;cursor:pointer'>
        <a onfocus='this.blur();' onclick="document.getElementById('div_ft5.10').style.display = 'none' " >
           [x]</a>
        </div>
        <pre>
        
ft5.10: Traceback (most recent call last):
  File "G:\project\interface_upgrade\testcase\coreErrorTest.py", line 15, in setUp
    self.d = data_init.testData()
TypeError: __init__() takes exactly 2 arguments (1 given)


        </pre>
    </div>
    <!--css div popup end-->

    </td>
</tr>

<tr id='ft5.11'>
    <td class='errorCase'><div class='testcase'>test_Del_subComment</div></td>

    <td colspan='5' align='center'>

    <!--css div popup start-->
    <a class="popup_link" onfocus='this.blur();' href="javascript:showTestDetail('div_ft5.11')" >
        错误</a>

    <div id='div_ft5.11' class="popup_window">
        <div style='text-align: right; color:red;cursor:pointer'>
        <a onfocus='this.blur();' onclick="document.getElementById('div_ft5.11').style.display = 'none' " >
           [x]</a>
        </div>
        <pre>
        
ft5.11: Traceback (most recent call last):
  File "G:\project\interface_upgrade\testcase\coreErrorTest.py", line 15, in setUp
    self.d = data_init.testData()
TypeError: __init__() takes exactly 2 arguments (1 given)


        </pre>
    </div>
    <!--css div popup end-->

    </td>
</tr>

<tr id='ft5.12'>
    <td class='errorCase'><div class='testcase'>test_Get_Hot_subComment</div></td>

    <td colspan='5' align='center'>

    <!--css div popup start-->
    <a class="popup_link" onfocus='this.blur();' href="javascript:showTestDetail('div_ft5.12')" >
        错误</a>

    <div id='div_ft5.12' class="popup_window">
        <div style='text-align: right; color:red;cursor:pointer'>
        <a onfocus='this.blur();' onclick="document.getElementById('div_ft5.12').style.display = 'none' " >
           [x]</a>
        </div>
        <pre>
        
ft5.12: Traceback (most recent call last):
  File "G:\project\interface_upgrade\testcase\coreErrorTest.py", line 15, in setUp
    self.d = data_init.testData()
TypeError: __init__() takes exactly 2 arguments (1 given)


        </pre>
    </div>
    <!--css div popup end-->

    </td>
</tr>

<tr id='ft5.13'>
    <td class='errorCase'><div class='testcase'>test_Get_New_subComment</div></td>

    <td colspan='5' align='center'>

    <!--css div popup start-->
    <a class="popup_link" onfocus='this.blur();' href="javascript:showTestDetail('div_ft5.13')" >
        错误</a>

    <div id='div_ft5.13' class="popup_window">
        <div style='text-align: right; color:red;cursor:pointer'>
        <a onfocus='this.blur();' onclick="document.getElementById('div_ft5.13').style.display = 'none' " >
           [x]</a>
        </div>
        <pre>
        
ft5.13: Traceback (most recent call last):
  File "G:\project\interface_upgrade\testcase\coreErrorTest.py", line 15, in setUp
    self.d = data_init.testData()
TypeError: __init__() takes exactly 2 arguments (1 given)


        </pre>
    </div>
    <!--css div popup end-->

    </td>
</tr>

<tr id='ft5.14'>
    <td class='errorCase'><div class='testcase'>test_Join_Medley</div></td>

    <td colspan='5' align='center'>

    <!--css div popup start-->
    <a class="popup_link" onfocus='this.blur();' href="javascript:showTestDetail('div_ft5.14')" >
        错误</a>

    <div id='div_ft5.14' class="popup_window">
        <div style='text-align: right; color:red;cursor:pointer'>
        <a onfocus='this.blur();' onclick="document.getElementById('div_ft5.14').style.display = 'none' " >
           [x]</a>
        </div>
        <pre>
        
ft5.14: Traceback (most recent call last):
  File "G:\project\interface_upgrade\testcase\coreErrorTest.py", line 15, in setUp
    self.d = data_init.testData()
TypeError: __init__() takes exactly 2 arguments (1 given)


        </pre>
    </div>
    <!--css div popup end-->

    </td>
</tr>

<tr id='ft5.15'>
    <td class='errorCase'><div class='testcase'>test_Listen</div></td>

    <td colspan='5' align='center'>

    <!--css div popup start-->
    <a class="popup_link" onfocus='this.blur();' href="javascript:showTestDetail('div_ft5.15')" >
        错误</a>

    <div id='div_ft5.15' class="popup_window">
        <div style='text-align: right; color:red;cursor:pointer'>
        <a onfocus='this.blur();' onclick="document.getElementById('div_ft5.15').style.display = 'none' " >
           [x]</a>
        </div>
        <pre>
        
ft5.15: Traceback (most recent call last):
  File "G:\project\interface_upgrade\testcase\coreErrorTest.py", line 15, in setUp
    self.d = data_init.testData()
TypeError: __init__() takes exactly 2 arguments (1 given)


        </pre>
    </div>
    <!--css div popup end-->

    </td>
</tr>

<tr id='ft5.16'>
    <td class='errorCase'><div class='testcase'>test_Mycollect</div></td>

    <td colspan='5' align='center'>

    <!--css div popup start-->
    <a class="popup_link" onfocus='this.blur();' href="javascript:showTestDetail('div_ft5.16')" >
        错误</a>

    <div id='div_ft5.16' class="popup_window">
        <div style='text-align: right; color:red;cursor:pointer'>
        <a onfocus='this.blur();' onclick="document.getElementById('div_ft5.16').style.display = 'none' " >
           [x]</a>
        </div>
        <pre>
        
ft5.16: Traceback (most recent call last):
  File "G:\project\interface_upgrade\testcase\coreErrorTest.py", line 15, in setUp
    self.d = data_init.testData()
TypeError: __init__() takes exactly 2 arguments (1 given)


        </pre>
    </div>
    <!--css div popup end-->

    </td>
</tr>

<tr id='ft5.17'>
    <td class='errorCase'><div class='testcase'>test_RecommendLyric_range_out</div></td>

    <td colspan='5' align='center'>

    <!--css div popup start-->
    <a class="popup_link" onfocus='this.blur();' href="javascript:showTestDetail('div_ft5.17')" >
        错误</a>

    <div id='div_ft5.17' class="popup_window">
        <div style='text-align: right; color:red;cursor:pointer'>
        <a onfocus='this.blur();' onclick="document.getElementById('div_ft5.17').style.display = 'none' " >
           [x]</a>
        </div>
        <pre>
        
ft5.17: Traceback (most recent call last):
  File "G:\project\interface_upgrade\testcase\coreErrorTest.py", line 15, in setUp
    self.d = data_init.testData()
TypeError: __init__() takes exactly 2 arguments (1 given)


        </pre>
    </div>
    <!--css div popup end-->

    </td>
</tr>

<tr id='ft5.18'>
    <td class='errorCase'><div class='testcase'>test_RecommendLyric_type_out</div></td>

    <td colspan='5' align='center'>

    <!--css div popup start-->
    <a class="popup_link" onfocus='this.blur();' href="javascript:showTestDetail('div_ft5.18')" >
        错误</a>

    <div id='div_ft5.18' class="popup_window">
        <div style='text-align: right; color:red;cursor:pointer'>
        <a onfocus='this.blur();' onclick="document.getElementById('div_ft5.18').style.display = 'none' " >
           [x]</a>
        </div>
        <pre>
        
ft5.18: Traceback (most recent call last):
  File "G:\project\interface_upgrade\testcase\coreErrorTest.py", line 15, in setUp
    self.d = data_init.testData()
TypeError: __init__() takes exactly 2 arguments (1 given)


        </pre>
    </div>
    <!--css div popup end-->

    </td>
</tr>

<tr id='ft5.19'>
    <td class='errorCase'><div class='testcase'>test_SongDetail_V1</div></td>

    <td colspan='5' align='center'>

    <!--css div popup start-->
    <a class="popup_link" onfocus='this.blur();' href="javascript:showTestDetail('div_ft5.19')" >
        错误</a>

    <div id='div_ft5.19' class="popup_window">
        <div style='text-align: right; color:red;cursor:pointer'>
        <a onfocus='this.blur();' onclick="document.getElementById('div_ft5.19').style.display = 'none' " >
           [x]</a>
        </div>
        <pre>
        
ft5.19: Traceback (most recent call last):
  File "G:\project\interface_upgrade\testcase\coreErrorTest.py", line 15, in setUp
    self.d = data_init.testData()
TypeError: __init__() takes exactly 2 arguments (1 given)


        </pre>
    </div>
    <!--css div popup end-->

    </td>
</tr>

<tr id='ft5.20'>
    <td class='errorCase'><div class='testcase'>test_Song_Praise</div></td>

    <td colspan='5' align='center'>

    <!--css div popup start-->
    <a class="popup_link" onfocus='this.blur();' href="javascript:showTestDetail('div_ft5.20')" >
        错误</a>

    <div id='div_ft5.20' class="popup_window">
        <div style='text-align: right; color:red;cursor:pointer'>
        <a onfocus='this.blur();' onclick="document.getElementById('div_ft5.20').style.display = 'none' " >
           [x]</a>
        </div>
        <pre>
        
ft5.20: Traceback (most recent call last):
  File "G:\project\interface_upgrade\testcase\coreErrorTest.py", line 15, in setUp
    self.d = data_init.testData()
TypeError: __init__() takes exactly 2 arguments (1 given)


        </pre>
    </div>
    <!--css div popup end-->

    </td>
</tr>

<tr id='ft5.21'>
    <td class='errorCase'><div class='testcase'>test_Song_cancelPraise</div></td>

    <td colspan='5' align='center'>

    <!--css div popup start-->
    <a class="popup_link" onfocus='this.blur();' href="javascript:showTestDetail('div_ft5.21')" >
        错误</a>

    <div id='div_ft5.21' class="popup_window">
        <div style='text-align: right; color:red;cursor:pointer'>
        <a onfocus='this.blur();' onclick="document.getElementById('div_ft5.21').style.display = 'none' " >
           [x]</a>
        </div>
        <pre>
        
ft5.21: Traceback (most recent call last):
  File "G:\project\interface_upgrade\testcase\coreErrorTest.py", line 15, in setUp
    self.d = data_init.testData()
TypeError: __init__() takes exactly 2 arguments (1 given)


        </pre>
    </div>
    <!--css div popup end-->

    </td>
</tr>

<tr id='ft5.22'>
    <td class='errorCase'><div class='testcase'>test_cancelCollect</div></td>

    <td colspan='5' align='center'>

    <!--css div popup start-->
    <a class="popup_link" onfocus='this.blur();' href="javascript:showTestDetail('div_ft5.22')" >
        错误</a>

    <div id='div_ft5.22' class="popup_window">
        <div style='text-align: right; color:red;cursor:pointer'>
        <a onfocus='this.blur();' onclick="document.getElementById('div_ft5.22').style.display = 'none' " >
           [x]</a>
        </div>
        <pre>
        
ft5.22: Traceback (most recent call last):
  File "G:\project\interface_upgrade\testcase\coreErrorTest.py", line 15, in setUp
    self.d = data_init.testData()
TypeError: __init__() takes exactly 2 arguments (1 given)


        </pre>
    </div>
    <!--css div popup end-->

    </td>
</tr>

<tr id='ft5.23'>
    <td class='errorCase'><div class='testcase'>test_songComment</div></td>

    <td colspan='5' align='center'>

    <!--css div popup start-->
    <a class="popup_link" onfocus='this.blur();' href="javascript:showTestDetail('div_ft5.23')" >
        错误</a>

    <div id='div_ft5.23' class="popup_window">
        <div style='text-align: right; color:red;cursor:pointer'>
        <a onfocus='this.blur();' onclick="document.getElementById('div_ft5.23').style.display = 'none' " >
           [x]</a>
        </div>
        <pre>
        
ft5.23: Traceback (most recent call last):
  File "G:\project\interface_upgrade\testcase\coreErrorTest.py", line 15, in setUp
    self.d = data_init.testData()
TypeError: __init__() takes exactly 2 arguments (1 given)


        </pre>
    </div>
    <!--css div popup end-->

    </td>
</tr>

<tr id='ft5.24'>
    <td class='errorCase'><div class='testcase'>test_subComment</div></td>

    <td colspan='5' align='center'>

    <!--css div popup start-->
    <a class="popup_link" onfocus='this.blur();' href="javascript:showTestDetail('div_ft5.24')" >
        错误</a>

    <div id='div_ft5.24' class="popup_window">
        <div style='text-align: right; color:red;cursor:pointer'>
        <a onfocus='this.blur();' onclick="document.getElementById('div_ft5.24').style.display = 'none' " >
           [x]</a>
        </div>
        <pre>
        
ft5.24: Traceback (most recent call last):
  File "G:\project\interface_upgrade\testcase\coreErrorTest.py", line 15, in setUp
    self.d = data_init.testData()
TypeError: __init__() takes exactly 2 arguments (1 given)


        </pre>
    </div>
    <!--css div popup end-->

    </td>
</tr>

<tr class='passClass'>
    <td>testcase.accompany.Accompany: this is class doc</td>
    <td>2</td>
    <td>2</td>
    <td>0</td>
    <td>0</td>
    <!--<td><a href="javascript:showClassDetail('c6',2)">详情</a></td>-->
</tr>

<tr id='pt6.1'>
    <td class='none'><div class='testcase'>test_accompany_Classify</div></td>

    <td colspan='5' align='center'>

    <!--css div popup start-->
    <a class="popup_link" onfocus='this.blur();' href="javascript:showTestDetail('div_pt6.1')" >
        通过</a>

    <div id='div_pt6.1' class="popup_window">
        <div style='text-align: right; color:red;cursor:pointer'>
        <a onfocus='this.blur();' onclick="document.getElementById('div_pt6.1').style.display = 'none' " >
           [x]</a>
        </div>
        <pre>
        
pt6.1: 0
9


        </pre>
    </div>
    <!--css div popup end-->

    </td>
</tr>

<tr id='pt6.2'>
    <td class='none'><div class='testcase'>test_accompany_Search</div></td>

    <td colspan='5' align='center'>

    <!--css div popup start-->
    <a class="popup_link" onfocus='this.blur();' href="javascript:showTestDetail('div_pt6.2')" >
        通过</a>

    <div id='div_pt6.2' class="popup_window">
        <div style='text-align: right; color:red;cursor:pointer'>
        <a onfocus='this.blur();' onclick="document.getElementById('div_pt6.2').style.display = 'none' " >
           [x]</a>
        </div>
        <pre>
        
pt6.2: 0
0
1
0
2
0
3
0
useCount:0
useCount:0
useCount:0
useCount:0
useCount:0
4
0
useCount:0
useCount:0
useCount:0
useCount:0
useCount:0
useCount:0
useCount:0
5
0
useCount:0
useCount:0
6
0
useCount:0
useCount:0
useCount:0
useCount:0
useCount:0
useCount:0
useCount:0
useCount:0
useCount:0
7
0
1000000 has no data
8
0
useCount:0
useCount:0
useCount:0
useCount:0
useCount:0
useCount:0
useCount:0
useCount:0


        </pre>
    </div>
    <!--css div popup end-->

    </td>
</tr>

<tr class='failClass'>
    <td>testcase.searchTest.SearchTest</td>
    <td>6</td>
    <td>4</td>
    <td>2</td>
    <td>0</td>
    <!--<td><a href="javascript:showClassDetail('c7',6)">详情</a></td>-->
</tr>

<tr id='pt7.1' >
    <td class='none'><div class='testcase'>test_search_Hot</div></td>
    <td colspan='5' align='center'>通过</td>
</tr>

<tr id='ft7.2'>
    <td class='failCase'><div class='testcase'>test_search_Song_CN</div></td>

    <td colspan='5' align='center'>

    <!--css div popup start-->
    <a class="popup_link" onfocus='this.blur();' href="javascript:showTestDetail('div_ft7.2')" >
        失败</a>

    <div id='div_ft7.2' class="popup_window">
        <div style='text-align: right; color:red;cursor:pointer'>
        <a onfocus='this.blur();' onclick="document.getElementById('div_ft7.2').style.display = 'none' " >
           [x]</a>
        </div>
        <pre>
        
ft7.2: status code:200
Traceback (most recent call last):
  File "G:\project\interface_upgrade\testcase\searchTest.py", line 33, in test_search_Song_CN
    self.assertNotEqual(0, len(r['data']['songs']))
AssertionError: 0 == 0


        </pre>
    </div>
    <!--css div popup end-->

    </td>
</tr>

<tr id='pt7.3' >
    <td class='none'><div class='testcase'>test_search_Song_DIG</div></td>
    <td colspan='5' align='center'>通过</td>
</tr>

<tr id='pt7.4' >
    <td class='none'><div class='testcase'>test_search_Song_EN</div></td>
    <td colspan='5' align='center'>通过</td>
</tr>

<tr id='ft7.5'>
    <td class='failCase'><div class='testcase'>test_search_User_CN</div></td>

    <td colspan='5' align='center'>

    <!--css div popup start-->
    <a class="popup_link" onfocus='this.blur();' href="javascript:showTestDetail('div_ft7.5')" >
        失败</a>

    <div id='div_ft7.5' class="popup_window">
        <div style='text-align: right; color:red;cursor:pointer'>
        <a onfocus='this.blur();' onclick="document.getElementById('div_ft7.5').style.display = 'none' " >
           [x]</a>
        </div>
        <pre>
        
ft7.5: (0L,)
status code:200
Traceback (most recent call last):
  File "G:\project\interface_upgrade\testcase\searchTest.py", line 92, in test_search_User_CN
    self.assertEqual(num[0], len(r['data']['users']))
AssertionError: 0L != 1


        </pre>
    </div>
    <!--css div popup end-->

    </td>
</tr>

<tr id='pt7.6' >
    <td class='none'><div class='testcase'>test_search_User_EN</div></td>
    <td colspan='5' align='center'>通过</td>
</tr>

<tr class='failClass'>
    <td>testcase.mapTest.MapTest</td>
    <td>1</td>
    <td>0</td>
    <td>1</td>
    <td>0</td>
    <!--<td><a href="javascript:showClassDetail('c8',1)">详情</a></td>-->
</tr>

<tr id='ft8.1'>
    <td class='failCase'><div class='testcase'>test_Near_success</div></td>

    <td colspan='5' align='center'>

    <!--css div popup start-->
    <a class="popup_link" onfocus='this.blur();' href="javascript:showTestDetail('div_ft8.1')" >
        失败</a>

    <div id='div_ft8.1' class="popup_window">
        <div style='text-align: right; color:red;cursor:pointer'>
        <a onfocus='this.blur();' onclick="document.getElementById('div_ft8.1').style.display = 'none' " >
           [x]</a>
        </div>
        <pre>
        
ft8.1: status code:400
Traceback (most recent call last):
  File "G:\project\interface_upgrade\testcase\mapTest.py", line 48, in test_Near_success
    self.assertEqual(200, response.status_code)
AssertionError: 200 != 400


        </pre>
    </div>
    <!--css div popup end-->

    </td>
</tr>

<tr class='failClass'>
    <td>testcase.indexTest.IndexTest</td>
    <td>7</td>
    <td>6</td>
    <td>1</td>
    <td>0</td>
    <!--<td><a href="javascript:showClassDetail('c9',7)">详情</a></td>-->
</tr>

<tr id='pt9.1' >
    <td class='none'><div class='testcase'>test_Homepage</div></td>
    <td colspan='5' align='center'>通过</td>
</tr>

<tr id='pt9.2' >
    <td class='none'><div class='testcase'>test_Hot_Complaint</div></td>
    <td colspan='5' align='center'>通过</td>
</tr>

<tr id='pt9.3' >
    <td class='none'><div class='testcase'>test_Hot_Medley</div></td>
    <td colspan='5' align='center'>通过</td>
</tr>

<tr id='pt9.4' >
    <td class='none'><div class='testcase'>test_Hot_Rap</div></td>
    <td colspan='5' align='center'>通过</td>
</tr>

<tr id='pt9.5' >
    <td class='none'><div class='testcase'>test_Rank</div></td>
    <td colspan='5' align='center'>通过</td>
</tr>

<tr id='pt9.6' >
    <td class='none'><div class='testcase'>test_Recommend</div></td>
    <td colspan='5' align='center'>通过</td>
</tr>

<tr id='ft9.7'>
    <td class='failCase'><div class='testcase'>test_Song_State</div></td>

    <td colspan='5' align='center'>

    <!--css div popup start-->
    <a class="popup_link" onfocus='this.blur();' href="javascript:showTestDetail('div_ft9.7')" >
        失败</a>

    <div id='div_ft9.7' class="popup_window">
        <div style='text-align: right; color:red;cursor:pointer'>
        <a onfocus='this.blur();' onclick="document.getElementById('div_ft9.7').style.display = 'none' " >
           [x]</a>
        </div>
        <pre>
        
ft9.7: status code:400
Traceback (most recent call last):
  File "G:\project\interface_upgrade\testcase\indexTest.py", line 41, in test_Song_State
    self.assertEqual(200, response.status_code)
AssertionError: 200 != 400


        </pre>
    </div>
    <!--css div popup end-->

    </td>
</tr>

<tr class='failClass'>
    <td>testcase.shareTest.ShareTest</td>
    <td>2</td>
    <td>1</td>
    <td>1</td>
    <td>0</td>
    <!--<td><a href="javascript:showClassDetail('c10',2)">详情</a></td>-->
</tr>

<tr id='ft10.1'>
    <td class='failCase'><div class='testcase'>test_ShareList</div></td>

    <td colspan='5' align='center'>

    <!--css div popup start-->
    <a class="popup_link" onfocus='this.blur();' href="javascript:showTestDetail('div_ft10.1')" >
        失败</a>

    <div id='div_ft10.1' class="popup_window">
        <div style='text-align: right; color:red;cursor:pointer'>
        <a onfocus='this.blur();' onclick="document.getElementById('div_ft10.1').style.display = 'none' " >
           [x]</a>
        </div>
        <pre>
        
ft10.1: status code:400
Traceback (most recent call last):
  File "G:\project\interface_upgrade\testcase\shareTest.py", line 29, in test_ShareList
    self.assertEqual(200, response.status_code)
AssertionError: 200 != 400


        </pre>
    </div>
    <!--css div popup end-->

    </td>
</tr>

<tr id='pt10.2' >
    <td class='none'><div class='testcase'>test_Share_Inner</div></td>
    <td colspan='5' align='center'>通过</td>
</tr>

<tr class='failClass'>
    <td>testcase.messageTest.MessageTest</td>
    <td>3</td>
    <td>0</td>
    <td>3</td>
    <td>0</td>
    <!--<td><a href="javascript:showClassDetail('c11',3)">详情</a></td>-->
</tr>

<tr id='ft11.1'>
    <td class='failCase'><div class='testcase'>test_message_History_notice</div></td>

    <td colspan='5' align='center'>

    <!--css div popup start-->
    <a class="popup_link" onfocus='this.blur();' href="javascript:showTestDetail('div_ft11.1')" >
        失败</a>

    <div id='div_ft11.1' class="popup_window">
        <div style='text-align: right; color:red;cursor:pointer'>
        <a onfocus='this.blur();' onclick="document.getElementById('div_ft11.1').style.display = 'none' " >
           [x]</a>
        </div>
        <pre>
        
ft11.1: status code:400
Traceback (most recent call last):
  File "G:\project\interface_upgrade\testcase\messageTest.py", line 73, in test_message_History_notice
    self.assertEqual(200, response.status_code)
AssertionError: 200 != 400


        </pre>
    </div>
    <!--css div popup end-->

    </td>
</tr>

<tr id='ft11.2'>
    <td class='failCase'><div class='testcase'>test_message_History_sys</div></td>

    <td colspan='5' align='center'>

    <!--css div popup start-->
    <a class="popup_link" onfocus='this.blur();' href="javascript:showTestDetail('div_ft11.2')" >
        失败</a>

    <div id='div_ft11.2' class="popup_window">
        <div style='text-align: right; color:red;cursor:pointer'>
        <a onfocus='this.blur();' onclick="document.getElementById('div_ft11.2').style.display = 'none' " >
           [x]</a>
        </div>
        <pre>
        
ft11.2: status code:400
Traceback (most recent call last):
  File "G:\project\interface_upgrade\testcase\messageTest.py", line 57, in test_message_History_sys
    self.assertEqual(200, response.status_code)
AssertionError: 200 != 400


        </pre>
    </div>
    <!--css div popup end-->

    </td>
</tr>

<tr id='ft11.3'>
    <td class='failCase'><div class='testcase'>test_message_Unread</div></td>

    <td colspan='5' align='center'>

    <!--css div popup start-->
    <a class="popup_link" onfocus='this.blur();' href="javascript:showTestDetail('div_ft11.3')" >
        失败</a>

    <div id='div_ft11.3' class="popup_window">
        <div style='text-align: right; color:red;cursor:pointer'>
        <a onfocus='this.blur();' onclick="document.getElementById('div_ft11.3').style.display = 'none' " >
           [x]</a>
        </div>
        <pre>
        
ft11.3: status code:400
Traceback (most recent call last):
  File "G:\project\interface_upgrade\testcase\messageTest.py", line 27, in test_message_Unread
    self.assertEqual(200, response.status_code)
AssertionError: 200 != 400


        </pre>
    </div>
    <!--css div popup end-->

    </td>
</tr>

<tr class='errorClass'>
    <td>testcase.indexErrorTest.IndexErrorTest</td>
    <td>10</td>
    <td>4</td>
    <td>2</td>
    <td>4</td>
    <!--<td><a href="javascript:showClassDetail('c12',10)">详情</a></td>-->
</tr>

<tr id='pt12.1' >
    <td class='none'><div class='testcase'>test_Hot_Rap_range_error</div></td>
    <td colspan='5' align='center'>通过</td>
</tr>

<tr id='pt12.2' >
    <td class='none'><div class='testcase'>test_Rank_range_error</div></td>
    <td colspan='5' align='center'>通过</td>
</tr>

<tr id='pt12.3' >
    <td class='none'><div class='testcase'>test_Rank_range_error2</div></td>
    <td colspan='5' align='center'>通过</td>
</tr>

<tr id='ft12.4'>
    <td class='failCase'><div class='testcase'>test_Rank_type_error</div></td>

    <td colspan='5' align='center'>

    <!--css div popup start-->
    <a class="popup_link" onfocus='this.blur();' href="javascript:showTestDetail('div_ft12.4')" >
        失败</a>

    <div id='div_ft12.4' class="popup_window">
        <div style='text-align: right; color:red;cursor:pointer'>
        <a onfocus='this.blur();' onclick="document.getElementById('div_ft12.4').style.display = 'none' " >
           [x]</a>
        </div>
        <pre>
        
ft12.4: Traceback (most recent call last):
  File "G:\project\interface_upgrade\testcase\indexErrorTest.py", line 72, in test_Rank_type_error
    self.assertEqual(116, r['status'])
AssertionError: 116 != 999


        </pre>
    </div>
    <!--css div popup end-->

    </td>
</tr>

<tr id='pt12.5' >
    <td class='none'><div class='testcase'>test_Recommend_arg_error</div></td>
    <td colspan='5' align='center'>通过</td>
</tr>

<tr id='ft12.6'>
    <td class='failCase'><div class='testcase'>test_Recommend_type_error</div></td>

    <td colspan='5' align='center'>

    <!--css div popup start-->
    <a class="popup_link" onfocus='this.blur();' href="javascript:showTestDetail('div_ft12.6')" >
        失败</a>

    <div id='div_ft12.6' class="popup_window">
        <div style='text-align: right; color:red;cursor:pointer'>
        <a onfocus='this.blur();' onclick="document.getElementById('div_ft12.6').style.display = 'none' " >
           [x]</a>
        </div>
        <pre>
        
ft12.6: Traceback (most recent call last):
  File "G:\project\interface_upgrade\testcase\indexErrorTest.py", line 27, in test_Recommend_type_error
    self.assertEqual(116, r['status'])
AssertionError: 116 != 999


        </pre>
    </div>
    <!--css div popup end-->

    </td>
</tr>

<tr id='ft12.7'>
    <td class='errorCase'><div class='testcase'>test_Song_State_token_error</div></td>

    <td colspan='5' align='center'>

    <!--css div popup start-->
    <a class="popup_link" onfocus='this.blur();' href="javascript:showTestDetail('div_ft12.7')" >
        错误</a>

    <div id='div_ft12.7' class="popup_window">
        <div style='text-align: right; color:red;cursor:pointer'>
        <a onfocus='this.blur();' onclick="document.getElementById('div_ft12.7').style.display = 'none' " >
           [x]</a>
        </div>
        <pre>
        
ft12.7: Traceback (most recent call last):
  File "G:\project\interface_upgrade\testcase\indexErrorTest.py", line 38, in test_Song_State_token_error
    r = response.json()
  File "C:\Python27\lib\site-packages\requests-2.13.0-py2.7.egg\requests\models.py", line 885, in json
    return complexjson.loads(self.text, **kwargs)
  File "C:\Python27\lib\json\__init__.py", line 310, in loads
    return _default_decoder.decode(s)
  File "C:\Python27\lib\json\decoder.py", line 346, in decode
    obj, end = self.raw_decode(s, idx=_w(s, 0).end())
  File "C:\Python27\lib\json\decoder.py", line 364, in raw_decode
    raise ValueError("No JSON object could be decoded")
ValueError: No JSON object could be decoded


        </pre>
    </div>
    <!--css div popup end-->

    </td>
</tr>

<tr id='ft12.8'>
    <td class='errorCase'><div class='testcase'>test_Song_State_token_null</div></td>

    <td colspan='5' align='center'>

    <!--css div popup start-->
    <a class="popup_link" onfocus='this.blur();' href="javascript:showTestDetail('div_ft12.8')" >
        错误</a>

    <div id='div_ft12.8' class="popup_window">
        <div style='text-align: right; color:red;cursor:pointer'>
        <a onfocus='this.blur();' onclick="document.getElementById('div_ft12.8').style.display = 'none' " >
           [x]</a>
        </div>
        <pre>
        
ft12.8: Traceback (most recent call last):
  File "G:\project\interface_upgrade\testcase\indexErrorTest.py", line 45, in test_Song_State_token_null
    r = response.json()
  File "C:\Python27\lib\site-packages\requests-2.13.0-py2.7.egg\requests\models.py", line 885, in json
    return complexjson.loads(self.text, **kwargs)
  File "C:\Python27\lib\json\__init__.py", line 310, in loads
    return _default_decoder.decode(s)
  File "C:\Python27\lib\json\decoder.py", line 346, in decode
    obj, end = self.raw_decode(s, idx=_w(s, 0).end())
  File "C:\Python27\lib\json\decoder.py", line 364, in raw_decode
    raise ValueError("No JSON object could be decoded")
ValueError: No JSON object could be decoded


        </pre>
    </div>
    <!--css div popup end-->

    </td>
</tr>

<tr id='ft12.9'>
    <td class='errorCase'><div class='testcase'>test_Song_state_null</div></td>

    <td colspan='5' align='center'>

    <!--css div popup start-->
    <a class="popup_link" onfocus='this.blur();' href="javascript:showTestDetail('div_ft12.9')" >
        错误</a>

    <div id='div_ft12.9' class="popup_window">
        <div style='text-align: right; color:red;cursor:pointer'>
        <a onfocus='this.blur();' onclick="document.getElementById('div_ft12.9').style.display = 'none' " >
           [x]</a>
        </div>
        <pre>
        
ft12.9: Traceback (most recent call last):
  File "G:\project\interface_upgrade\testcase\indexErrorTest.py", line 76, in test_Song_state_null
    r = response.json()
  File "C:\Python27\lib\site-packages\requests-2.13.0-py2.7.egg\requests\models.py", line 885, in json
    return complexjson.loads(self.text, **kwargs)
  File "C:\Python27\lib\json\__init__.py", line 310, in loads
    return _default_decoder.decode(s)
  File "C:\Python27\lib\json\decoder.py", line 346, in decode
    obj, end = self.raw_decode(s, idx=_w(s, 0).end())
  File "C:\Python27\lib\json\decoder.py", line 364, in raw_decode
    raise ValueError("No JSON object could be decoded")
ValueError: No JSON object could be decoded


        </pre>
    </div>
    <!--css div popup end-->

    </td>
</tr>

<tr id='ft12.10'>
    <td class='errorCase'><div class='testcase'>test_Song_state_page_wrong</div></td>

    <td colspan='5' align='center'>

    <!--css div popup start-->
    <a class="popup_link" onfocus='this.blur();' href="javascript:showTestDetail('div_ft12.10')" >
        错误</a>

    <div id='div_ft12.10' class="popup_window">
        <div style='text-align: right; color:red;cursor:pointer'>
        <a onfocus='this.blur();' onclick="document.getElementById('div_ft12.10').style.display = 'none' " >
           [x]</a>
        </div>
        <pre>
        
ft12.10: Traceback (most recent call last):
  File "G:\project\interface_upgrade\testcase\indexErrorTest.py", line 83, in test_Song_state_page_wrong
    r = response.json()
  File "C:\Python27\lib\site-packages\requests-2.13.0-py2.7.egg\requests\models.py", line 885, in json
    return complexjson.loads(self.text, **kwargs)
  File "C:\Python27\lib\json\__init__.py", line 310, in loads
    return _default_decoder.decode(s)
  File "C:\Python27\lib\json\decoder.py", line 346, in decode
    obj, end = self.raw_decode(s, idx=_w(s, 0).end())
  File "C:\Python27\lib\json\decoder.py", line 364, in raw_decode
    raise ValueError("No JSON object could be decoded")
ValueError: No JSON object could be decoded


        </pre>
    </div>
    <!--css div popup end-->

    </td>
</tr>

<tr class='errorClass'>
    <td>testcase.complexTest.ComplextTest</td>
    <td>5</td>
    <td>1</td>
    <td>3</td>
    <td>1</td>
    <!--<td><a href="javascript:showClassDetail('c13',5)">详情</a></td>-->
</tr>

<tr id='ft13.1'>
    <td class='failCase'><div class='testcase'>test_Add_BlackList_success</div></td>

    <td colspan='5' align='center'>

    <!--css div popup start-->
    <a class="popup_link" onfocus='this.blur();' href="javascript:showTestDetail('div_ft13.1')" >
        失败</a>

    <div id='div_ft13.1' class="popup_window">
        <div style='text-align: right; color:red;cursor:pointer'>
        <a onfocus='this.blur();' onclick="document.getElementById('div_ft13.1').style.display = 'none' " >
           [x]</a>
        </div>
        <pre>
        
ft13.1: url: http://test.rapself.com:8080/api/user/blacklist

状态码: 400
传递的参数是: 100000001

响应内容: &lt;html&gt;
&lt;head&gt;&lt;title&gt;400 Bad Request&lt;/title&gt;&lt;/head&gt;
&lt;body bgcolor="white"&gt;
&lt;center&gt;&lt;h1&gt;400 Bad Request&lt;/h1&gt;&lt;/center&gt;
&lt;hr&gt;&lt;center&gt;nginx/1.10.1&lt;/center&gt;
&lt;/body&gt;
&lt;/html&gt;


Traceback (most recent call last):
  File "G:\project\interface_upgrade\testcase\complexTest.py", line 92, in test_Add_BlackList_success
    self.assertEqual(200, response.status_code, 'status code:%s' % response.status_code)
AssertionError: status code:400


        </pre>
    </div>
    <!--css div popup end-->

    </td>
</tr>

<tr id='ft13.2'>
    <td class='failCase'><div class='testcase'>test_Comment</div></td>

    <td colspan='5' align='center'>

    <!--css div popup start-->
    <a class="popup_link" onfocus='this.blur();' href="javascript:showTestDetail('div_ft13.2')" >
        失败</a>

    <div id='div_ft13.2' class="popup_window">
        <div style='text-align: right; color:red;cursor:pointer'>
        <a onfocus='this.blur();' onclick="document.getElementById('div_ft13.2').style.display = 'none' " >
           [x]</a>
        </div>
        <pre>
        
ft13.2: Traceback (most recent call last):
  File "G:\project\interface_upgrade\testcase\complexTest.py", line 69, in test_Comment
    self.assertEqual(newcount, count+1)
AssertionError: 10 != 11


        </pre>
    </div>
    <!--css div popup end-->

    </td>
</tr>

<tr id='ft13.3'>
    <td class='failCase'><div class='testcase'>test_Focus_success</div></td>

    <td colspan='5' align='center'>

    <!--css div popup start-->
    <a class="popup_link" onfocus='this.blur();' href="javascript:showTestDetail('div_ft13.3')" >
        失败</a>

    <div id='div_ft13.3' class="popup_window">
        <div style='text-align: right; color:red;cursor:pointer'>
        <a onfocus='this.blur();' onclick="document.getElementById('div_ft13.3').style.display = 'none' " >
           [x]</a>
        </div>
        <pre>
        
ft13.3: url: http://test.rapself.com:8080/api/user/focus

状态码: 400
传递的参数是: 100001774

响应内容: &lt;html&gt;
&lt;head&gt;&lt;title&gt;400 Bad Request&lt;/title&gt;&lt;/head&gt;
&lt;body bgcolor="white"&gt;
&lt;center&gt;&lt;h1&gt;400 Bad Request&lt;/h1&gt;&lt;/center&gt;
&lt;hr&gt;&lt;center&gt;nginx/1.10.1&lt;/center&gt;
&lt;/body&gt;
&lt;/html&gt;


Traceback (most recent call last):
  File "G:\project\interface_upgrade\testcase\complexTest.py", line 116, in test_Focus_success
    self.assertEqual(200, response.status_code, 'status code:%s' % response.status_code)
AssertionError: status code:400


        </pre>
    </div>
    <!--css div popup end-->

    </td>
</tr>

<tr id='pt13.4' >
    <td class='none'><div class='testcase'>test_check_Rank_num</div></td>
    <td colspan='5' align='center'>通过</td>
</tr>

<tr id='ft13.5'>
    <td class='errorCase'><div class='testcase'>test_delComment</div></td>

    <td colspan='5' align='center'>

    <!--css div popup start-->
    <a class="popup_link" onfocus='this.blur();' href="javascript:showTestDetail('div_ft13.5')" >
        错误</a>

    <div id='div_ft13.5' class="popup_window">
        <div style='text-align: right; color:red;cursor:pointer'>
        <a onfocus='this.blur();' onclick="document.getElementById('div_ft13.5').style.display = 'none' " >
           [x]</a>
        </div>
        <pre>
        
ft13.5: Traceback (most recent call last):
  File "G:\project\interface_upgrade\testcase\complexTest.py", line 77, in test_delComment
    r = response.json()
  File "C:\Python27\lib\site-packages\requests-2.13.0-py2.7.egg\requests\models.py", line 885, in json
    return complexjson.loads(self.text, **kwargs)
  File "C:\Python27\lib\json\__init__.py", line 310, in loads
    return _default_decoder.decode(s)
  File "C:\Python27\lib\json\decoder.py", line 346, in decode
    obj, end = self.raw_decode(s, idx=_w(s, 0).end())
  File "C:\Python27\lib\json\decoder.py", line 364, in raw_decode
    raise ValueError("No JSON object could be decoded")
ValueError: No JSON object could be decoded


        </pre>
    </div>
    <!--css div popup end-->

    </td>
</tr>

<tr class='failClass'>
    <td>testcase.new1_2.newAPITest</td>
    <td>8</td>
    <td>4</td>
    <td>4</td>
    <td>0</td>
    <!--<td><a href="javascript:showClassDetail('c14',8)">详情</a></td>-->
</tr>

<tr id='pt14.1' >
    <td class='none'><div class='testcase'>test_banner</div></td>
    <td colspan='5' align='center'>通过</td>
</tr>

<tr id='ft14.2'>
    <td class='failCase'><div class='testcase'>test_mycomplaint</div></td>

    <td colspan='5' align='center'>

    <!--css div popup start-->
    <a class="popup_link" onfocus='this.blur();' href="javascript:showTestDetail('div_ft14.2')" >
        失败</a>

    <div id='div_ft14.2' class="popup_window">
        <div style='text-align: right; color:red;cursor:pointer'>
        <a onfocus='this.blur();' onclick="document.getElementById('div_ft14.2').style.display = 'none' " >
           [x]</a>
        </div>
        <pre>
        
ft14.2: status code:400
Traceback (most recent call last):
  File "G:\project\interface_upgrade\testcase\new1_2.py", line 110, in test_mycomplaint
    self.assertEqual(200, response.status_code, 'status code:%s' % response.status_code)
AssertionError: status code:400


        </pre>
    </div>
    <!--css div popup end-->

    </td>
</tr>

<tr id='ft14.3'>
    <td class='failCase'><div class='testcase'>test_myinfo</div></td>

    <td colspan='5' align='center'>

    <!--css div popup start-->
    <a class="popup_link" onfocus='this.blur();' href="javascript:showTestDetail('div_ft14.3')" >
        失败</a>

    <div id='div_ft14.3' class="popup_window">
        <div style='text-align: right; color:red;cursor:pointer'>
        <a onfocus='this.blur();' onclick="document.getElementById('div_ft14.3').style.display = 'none' " >
           [x]</a>
        </div>
        <pre>
        
ft14.3: status code:400
Traceback (most recent call last):
  File "G:\project\interface_upgrade\testcase\new1_2.py", line 138, in test_myinfo
    self.assertEqual(200, response.status_code, 'status code:%s' % response.status_code)
AssertionError: status code:400


        </pre>
    </div>
    <!--css div popup end-->

    </td>
</tr>

<tr id='ft14.4'>
    <td class='failCase'><div class='testcase'>test_mymedley</div></td>

    <td colspan='5' align='center'>

    <!--css div popup start-->
    <a class="popup_link" onfocus='this.blur();' href="javascript:showTestDetail('div_ft14.4')" >
        失败</a>

    <div id='div_ft14.4' class="popup_window">
        <div style='text-align: right; color:red;cursor:pointer'>
        <a onfocus='this.blur();' onclick="document.getElementById('div_ft14.4').style.display = 'none' " >
           [x]</a>
        </div>
        <pre>
        
ft14.4: status code:400
Traceback (most recent call last):
  File "G:\project\interface_upgrade\testcase\new1_2.py", line 96, in test_mymedley
    self.assertEqual(200, response.status_code, 'status code:%s' % response.status_code)
AssertionError: status code:400


        </pre>
    </div>
    <!--css div popup end-->

    </td>
</tr>

<tr id='ft14.5'>
    <td class='failCase'><div class='testcase'>test_mysolo</div></td>

    <td colspan='5' align='center'>

    <!--css div popup start-->
    <a class="popup_link" onfocus='this.blur();' href="javascript:showTestDetail('div_ft14.5')" >
        失败</a>

    <div id='div_ft14.5' class="popup_window">
        <div style='text-align: right; color:red;cursor:pointer'>
        <a onfocus='this.blur();' onclick="document.getElementById('div_ft14.5').style.display = 'none' " >
           [x]</a>
        </div>
        <pre>
        
ft14.5: status code:400
Traceback (most recent call last):
  File "G:\project\interface_upgrade\testcase\new1_2.py", line 124, in test_mysolo
    self.assertEqual(200, response.status_code, 'status code:%s' % response.status_code)
AssertionError: status code:400


        </pre>
    </div>
    <!--css div popup end-->

    </td>
</tr>

<tr id='pt14.6' >
    <td class='none'><div class='testcase'>test_usercomplaint</div></td>
    <td colspan='5' align='center'>通过</td>
</tr>

<tr id='pt14.7' >
    <td class='none'><div class='testcase'>test_usermedley</div></td>
    <td colspan='5' align='center'>通过</td>
</tr>

<tr id='pt14.8' >
    <td class='none'><div class='testcase'>test_usersolo</div></td>
    <td colspan='5' align='center'>通过</td>
</tr>

<tr id='total_row'>
    <td>统计</td>
    <td>155</td>
    <td>40</td>
    <td>45</td>
    <td>70</td>
    <!--<td>&nbsp;</td>-->
</tr>
</table>

<div id='ending'>&nbsp;</div>

</body>
</html>
